[JavaFX Application Thread] ERROR bg.tu_varna.sit.group19.warehouse_project.data.access.Connection  - Initial SessionFactory creation failed java.lang.NoClassDefFoundError: java/sql/SQLException
[JavaFX Application Thread] ERROR bg.tu_varna.sit.group19.warehouse_project.data.access.Connection  - Initial SessionFactory creation failed java.lang.NoClassDefFoundError: java/sql/SQLException
[JavaFX Application Thread] ERROR bg.tu_varna.sit.group19.warehouse_project.data.access.Connection  - Initial SessionFactory creation failed java.lang.NoClassDefFoundError: java/sql/SQLException
[JavaFX Application Thread] ERROR bg.tu_varna.sit.group19.warehouse_project.data.access.Connection  - Initial SessionFactory creation failed java.lang.NoClassDefFoundError: java/sql/SQLException
[JavaFX Application Thread] ERROR bg.tu_varna.sit.group19.warehouse_project.data.access.Connection  - Initial SessionFactory creation failed java.lang.NoClassDefFoundError: java/sql/SQLException
[JavaFX Application Thread] ERROR bg.tu_varna.sit.group19.warehouse_project.data.access.Connection  - Initial SessionFactory creation failed java.lang.NoClassDefFoundError: java/sql/SQLException
[JavaFX Application Thread] ERROR bg.tu_varna.sit.group19.warehouse_project.data.access.Connection  - Initial SessionFactory creation failedjava.lang.NoClassDefFoundError: java/sql/SQLException
[JavaFX Application Thread] ERROR bg.tu_varna.sit.group19.warehouse_project.data.access.Connection  - Initial SessionFactory creation failedjava.lang.NoClassDefFoundError: java/sql/SQLException
[JavaFX Application Thread] ERROR bg.tu_varna.sit.group19.warehouse_project.data.access.Connection  - Initial SessionFactory creation failedjava.lang.NoClassDefFoundError: java/sql/SQLException
[JavaFX Application Thread] ERROR bg.tu_varna.sit.group19.warehouse_project.data.access.Connection  - Initial SessionFactory creation failedjava.lang.ExceptionInInitializerError
[JavaFX Application Thread] ERROR bg.tu_varna.sit.group19.warehouse_project.data.access.Connection  - Initial SessionFactory creation failed java.lang.ExceptionInInitializerError
[JavaFX Application Thread] ERROR bg.tu_varna.sit.group19.warehouse_project.data.access.Connection  - Initial SessionFactory creation failed java.lang.NoClassDefFoundError: java/sql/SQLException
[JavaFX Application Thread] ERROR bg.tu_varna.sit.group19.warehouse_project.data.access.Connection  - Initial SessionFactory creation failed java.lang.NoClassDefFoundError: java/sql/SQLException
[JavaFX Application Thread] ERROR bg.tu_varna.sit.group19.warehouse_project.data.access.Connection  - Initial SessionFactory created failedjava.lang.NoClassDefFoundError: java/sql/SQLException
[JavaFX Application Thread] ERROR bg.tu_varna.sit.group19.warehouse_project.data.access.Connection  - Initial SessionFactory created failedjava.lang.NoClassDefFoundError: java/sql/SQLException
[JavaFX Application Thread] ERROR bg.tu_varna.sit.group19.warehouse_project.data.access.Connection  - Initial SessionFactory created failedjava.lang.ExceptionInInitializerError
[JavaFX Application Thread] ERROR bg.tu_varna.sit.group19.warehouse_project.data.access.Connection  - Initial SessionFactory created failedjava.lang.ExceptionInInitializerError
[JavaFX Application Thread] ERROR bg.tu_varna.sit.group19.warehouse_project.data.access.Connection  - Initial SessionFactory created failedjava.lang.ExceptionInInitializerError
[JavaFX Application Thread] ERROR bg.tu_varna.sit.group19.warehouse_project.data.access.Connection  - Initial SessionFactory created failedjava.lang.NoClassDefFoundError: java/sql/SQLException
[JavaFX Application Thread] ERROR bg.tu_varna.sit.group19.warehouse_project.data.access.Connection  - Initial SessionFactory created failedorg.hibernate.internal.util.config.ConfigurationException: Could not locate cfg.xml resource [hibernate.cfg.xml]
[JavaFX Application Thread] ERROR bg.tu_varna.sit.group19.warehouse_project.data.access.Connection  - Initial SessionFactory created failedorg.hibernate.internal.util.config.ConfigurationException: Could not locate cfg.xml resource [/bg/tu_varna/sit/group19/warehouse_project/configuration/hibernate.cfg.xml]
[JavaFX Application Thread] ERROR bg.tu_varna.sit.group19.warehouse_project.data.access.Connection  - Initial SessionFactory created failedorg.hibernate.internal.util.config.ConfigurationException: Could not locate cfg.xml resource [hibernate.cfg.xml]
[JavaFX Application Thread] ERROR bg.tu_varna.sit.group19.warehouse_project.data.access.Connection  - Initial SessionFactory created failedorg.hibernate.internal.util.config.ConfigurationException: Specified cfg.xml file [E:\bg\tu_varna\sit\group19\warehouse_project\configuration\hibernate.cfg.xml] does not exist
[JavaFX Application Thread] ERROR bg.tu_varna.sit.group19.warehouse_project.data.access.Connection  - Initial SessionFactory created failedorg.hibernate.AnnotationException: Unknown mappedBy in: bg.tu_varna.sit.group19.warehouse_project.data.entities.Admin.adminAccount, referenced property unknown: bg.tu_varna.sit.group19.warehouse_project.data.entities.AdminAccount.admin
[JavaFX Application Thread] ERROR bg.tu_varna.sit.group19.warehouse_project.data.access.Connection  - Initial SessionFactory created failedorg.hibernate.AnnotationException: Unknown mappedBy in: bg.tu_varna.sit.group19.warehouse_project.data.entities.Admin.adminAccount, referenced property unknown: bg.tu_varna.sit.group19.warehouse_project.data.entities.AdminAccount.admin
[JavaFX Application Thread] ERROR bg.tu_varna.sit.group19.warehouse_project.data.access.Connection  - Initial SessionFactory created failedorg.hibernate.AnnotationException: Unknown mappedBy in: bg.tu_varna.sit.group19.warehouse_project.data.entities.Admin.adminAccount, referenced property unknown: bg.tu_varna.sit.group19.warehouse_project.data.entities.AdminAccount.admin
[JavaFX Application Thread] ERROR bg.tu_varna.sit.group19.warehouse_project.data.access.Connection  - Initial SessionFactory created failedorg.hibernate.AnnotationException: Unknown mappedBy in: bg.tu_varna.sit.group19.warehouse_project.data.entities.Admin.adminAccount, referenced property unknown: bg.tu_varna.sit.group19.warehouse_project.data.entities.AdminAccount.myAdmin
[JavaFX Application Thread] ERROR bg.tu_varna.sit.group19.warehouse_project.data.access.Connection  - Initial SessionFactory created failedorg.hibernate.AnnotationException: Use of @OneToMany or @ManyToMany targeting an unmapped class: bg.tu_varna.sit.group19.warehouse_project.data.entities.ClimateCondition.warehouseRooms[bg.tu_varna.sit.group19.warehouse_project.data.entities.WarehouseRoom]
[JavaFX Application Thread] ERROR bg.tu_varna.sit.group19.warehouse_project.data.access.Connection  - Initial SessionFactory created failedorg.hibernate.internal.util.config.ConfigurationException: Specified cfg.xml file [E:\Projects\UNI\semester V\Java_Project\Project_Files\Warehouse_Project\src\main\resources\bg\tu_varna\sit\group19\warehouse_project\configuration\hibernate.cfg.xml] does not exist
[JavaFX Application Thread] ERROR org.hibernate.engine.jdbc.spi.SqlExceptionHelper  - Invalid object name 'JavaWarehouse.dbo.Renters'.
[JavaFX Application Thread] ERROR org.hibernate.engine.jdbc.spi.SqlExceptionHelper  - Invalid object name 'JavaWarehouse.dbo.Renters'.
