#
# A fatal error has been detected by the Java Runtime Environment:
#
#  EXCEPTION_ACCESS_VIOLATION (0xc0000005) at pc=0x00007ff8d29e6a87, pid=10848, tid=8712
#
# JRE version: Java(TM) SE Runtime Environment (17.0.1+12) (build 17.0.1+12-LTS-39)
# Java VM: Java HotSpot(TM) 64-Bit Server VM (17.0.1+12-LTS-39, mixed mode, sharing, tiered, compressed oops, compressed class ptrs, g1 gc, windows-amd64)
# Problematic frame:
# C  [glass.dll+0x26a87]
#
# No core dump will be written. Minidumps are not enabled by default on client versions of Windows
#
# If you would like to submit a bug report, please visit:
#   https://bugreport.java.com/bugreport/crash.jsp
#

---------------  S U M M A R Y ------------

Command Line: -agentlib:jdwp=transport=dt_socket,address=127.0.0.1:62291,suspend=y,server=n -javaagent:C:\Users\Neji\AppData\Local\JetBrains\IntelliJIdea2021.2\captureAgent\debugger-agent.jar -Dfile.encoding=UTF-8 --module-path=C:\Users\Neji\.m2\repository\org\kordamp\ikonli\ikonli-javafx\12.2.0\ikonli-javafx-12.2.0.jar;C:\Users\Neji\.m2\repository\org\openjfx\javafx-graphics\17.0.0.1\javafx-graphics-17.0.0.1-win.jar;C:\Users\Neji\.m2\repository\org\kordamp\ikonli\ikonli-core\12.2.0\ikonli-core-12.2.0.jar;C:\Users\Neji\.m2\repository\org\openjfx\javafx-media\17.0.0.1\javafx-media-17.0.0.1-win.jar;C:\Users\Neji\.m2\repository\org\hibernate\hibernate-core\5.6.1.Final\hibernate-core-5.6.1.Final.jar;C:\Users\Neji\.m2\repository\org\controlsfx\controlsfx\11.1.0\controlsfx-11.1.0.jar;C:\Users\Neji\.m2\repository\com\dlsc\formsfx\formsfx-core\11.3.2\formsfx-core-11.3.2.jar;C:\Users\Neji\.m2\repository\org\openjfx\javafx-controls\17.0.0.1\javafx-controls-17.0.0.1-win.jar;C:\Users\Neji\.m2\repository\javax\persistence\javax.persistence-api\2.2\javax.persistence-api-2.2.jar;C:\Users\Neji\.m2\repository\org\openjfx\javafx-web\17.0.0.1\javafx-web-17.0.0.1-win.jar;C:\Users\Neji\.m2\repository\org\openjfx\javafx-base\17.0.0.1\javafx-base-17.0.0.1-win.jar;C:\Users\Neji\.m2\repository\net\synedra\validatorfx\0.1.13\validatorfx-0.1.13.jar;E:\Projects\UNI\semester V\Java_Project\Project_Files\Warehouse_Project\target\classes;C:\Users\Neji\.m2\repository\log4j\log4j\1.2.17\log4j-1.2.17.jar;C:\Users\Neji\.m2\repository\org\openjfx\javafx-fxml\17.0.0.1\javafx-fxml-17.0.0.1-win.jar;C:\Users\Neji\.m2\repository\eu\hansolo\tilesfx\11.48\tilesfx-11.48.jar;C:\Users\Neji\.m2\repository\org\kordamp\bootstrapfx\bootstrapfx-core\0.4.0\bootstrapfx-core-0.4.0.jar -Djdk.module.main=bg.tu_varna.sit.group19.warehouse_project bg.tu_varna.sit.group19.warehouse_project/bg.tu_varna.sit.group19.warehouse_project.application.MainApplication

Host: AMD Ryzen 7 5800U with Radeon Graphics         , 16 cores, 13G,  Windows 10 , 64 bit Build 19041 (10.0.19041.1348)
Time: Sat Dec 18 11:30:42 2021 FLE Standard Time elapsed time: 164.159826 seconds (0d 0h 2m 44s)

---------------  T H R E A D  ---------------

Current thread (0x0000025c16c405b0):  VMThread "VM Thread" [stack: 0x000000f9a0600000,0x000000f9a0700000] [id=8712]

Stack: [0x000000f9a0600000,0x000000f9a0700000],  sp=0x000000f9a06ff4b0,  free space=1021k
Native frames: (J=compiled Java code, j=interpreted, Vv=VM code, C=native code)
C  [glass.dll+0x26a87]


siginfo: EXCEPTION_ACCESS_VIOLATION (0xc0000005), reading address 0x0000000000000000


Register to memory mapping:

RIP=0x00007ff8d29e6a87 glass.dll
RAX=0x0 is NULL
RBX=0x0000025c16c54008 is a global jni handle
RCX=0x0000025c16c405b0 points into unknown readable memory: 0x00007ff89fafc5e0 | e0 c5 af 9f f8 7f 00 00
RDX=0x000000f9a06ff4b0 points into unknown readable memory: 0x0000000000000000 | 00 00 00 00 00 00 00 00
RSP=0x000000f9a06ff4b0 points into unknown readable memory: 0x0000000000000000 | 00 00 00 00 00 00 00 00
RBP=0x0000025c189a9178 points into unknown readable memory: 0x0000eb70ae9bdac3 | c3 da 9b ae 70 eb 00 00
RSI=0x0000025c189a9150 points into unknown readable memory: 0x000314b63a6a29a3 | a3 29 6a 3a b6 14 03 00
RDI=0x0000eb70ae9bdac3 is an unknown value
R8 =0x0000000000010002 is an unknown value
R9 =0x0000eb70ae9bdac3 is an unknown value
R10=0x0000000000008000 is an unknown value
R11=0x000000f9a06ff440 points into unknown readable memory: 0x0000025c189a9150 | 50 91 9a 18 5c 02 00 00
R12=0x00007ff8d29e4354 glass.dll
R13=0x00007ff89fca2940 jvm.dll
R14=0x000000f9a06ff5a8 points into unknown readable memory: 0x000000f9a06ff590 | 90 f5 6f a0 f9 00 00 00
R15=0x0000025c189a9150 points into unknown readable memory: 0x000314b63a6a29a3 | a3 29 6a 3a b6 14 03 00


Registers:
RAX=0x0000000000000000, RBX=0x0000025c16c54008, RCX=0x0000025c16c405b0, RDX=0x000000f9a06ff4b0
RSP=0x000000f9a06ff4b0, RBP=0x0000025c189a9178, RSI=0x0000025c189a9150, RDI=0x0000eb70ae9bdac3
R8 =0x0000000000010002, R9 =0x0000eb70ae9bdac3, R10=0x0000000000008000, R11=0x000000f9a06ff440
R12=0x00007ff8d29e4354, R13=0x00007ff89fca2940, R14=0x000000f9a06ff5a8, R15=0x0000025c189a9150
RIP=0x00007ff8d29e6a87, EFLAGS=0x0000000000010202

Top of Stack: (sp=0x000000f9a06ff4b0)
0x000000f9a06ff4b0:   0000000000000000 0000025c189a9150
0x000000f9a06ff4c0:   00007ff89fca2940 00007ff8d29e4354
0x000000f9a06ff4d0:   0000025c189a9158 00007ff9037c42d6
0x000000f9a06ff4e0:   0000eb70ae9bdac3 0000025c00000000
0x000000f9a06ff4f0:   0000025c189a9178 0000025c189a9150
0x000000f9a06ff500:   fffffffffffffffe 0000000000000000
0x000000f9a06ff510:   0000000000000001 00007ff8d29c0000
0x000000f9a06ff520:   000000f9a06ff598 00007ff9037c41fb
0x000000f9a06ff530:   0000000000000000 000000f9a06ff5a8
0x000000f9a06ff540:   000000f9a06ff870 00007ff9038a0e40
0x000000f9a06ff550:   0000000000000001 00007ff9037c41b4
0x000000f9a06ff560:   0000000000000000 0000000000000001
0x000000f9a06ff570:   0000000000000000 000000f9a06ff598
0x000000f9a06ff580:   0000000000000001 00007ff8d29e41e1
0x000000f9a06ff590:   00007ff8d29fa138 00007ff800000002
0x000000f9a06ff5a0:   0000000000000002 000000f9a06ff590 

Instructions: (pc=0x00007ff8d29e6a87)
0x00007ff8d29e6987:   8b 4d 58 e8 01 cf ff ff 48 8b 4d 60 e8 f8 ce ff
0x00007ff8d29e6997:   ff 48 8b 95 80 00 00 00 48 8b 8d 18 01 00 00 e8
0x00007ff8d29e69a7:   c6 c3 ff ff 33 d2 33 c9 e8 3c e1 ff ff 90 48 89
0x00007ff8d29e69b7:   54 24 10 55 48 83 ec 20 48 8b ea 48 b8 00 00 00
0x00007ff8d29e69c7:   00 00 00 00 00 48 83 c4 20 5d c3 cc 40 55 48 8b
0x00007ff8d29e69d7:   ea 48 8b 01 33 c9 81 38 05 00 00 c0 0f 94 c1 8b
0x00007ff8d29e69e7:   c1 5d c3 cc 40 55 48 83 ec 20 48 8b ea 8a 4d 40
0x00007ff8d29e69f7:   48 83 c4 20 5d e9 f7 d2 ff ff cc 40 55 48 83 ec
0x00007ff8d29e6a07:   20 48 8b ea 8a 4d 20 e8 e5 d2 ff ff 90 48 83 c4
0x00007ff8d29e6a17:   20 5d c3 cc 40 55 48 83 ec 20 48 8b ea 48 83 c4
0x00007ff8d29e6a27:   20 5d e9 46 d1 ff ff cc 40 55 48 83 ec 30 48 8b
0x00007ff8d29e6a37:   ea 48 8b 01 8b 10 48 89 4c 24 28 89 54 24 20 4c
0x00007ff8d29e6a47:   8d 0d e7 d5 ff ff 4c 8b 45 70 8b 55 68 48 8b 4d
0x00007ff8d29e6a57:   60 e8 87 d0 ff ff 90 48 83 c4 30 5d c3 cc cc cc
0x00007ff8d29e6a67:   cc cc cc cc cc cc cc cc cc 40 53 48 83 ec 20 48
0x00007ff8d29e6a77:   8b 1d b3 30 01 00 48 85 db 74 16 e8 09 8b ff ff
0x00007ff8d29e6a87:   4c 8b 00 48 8b d3 48 8b c8 41 ff 90 b0 00 00 00
0x00007ff8d29e6a97:   90 48 83 c4 20 5b c3 cc cc 40 53 48 83 ec 20 48
0x00007ff8d29e6aa7:   8b 1d 2b 32 01 00 48 85 db 74 57 b8 ff ff ff ff
0x00007ff8d29e6ab7:   f0 0f c1 43 10 83 f8 01 75 3d 48 85 db 74 38 48
0x00007ff8d29e6ac7:   8b 0b 48 85 c9 74 0d ff 15 d4 07 00 00 48 c7 03
0x00007ff8d29e6ad7:   00 00 00 00 48 8b 4b 08 48 85 c9 74 0d e8 a7 cd
0x00007ff8d29e6ae7:   ff ff 48 c7 43 08 00 00 00 00 ba 18 00 00 00 48
0x00007ff8d29e6af7:   8b cb e8 92 cd ff ff 48 c7 05 cf 31 01 00 00 00
0x00007ff8d29e6b07:   00 00 48 83 c4 20 5b c3 cc 40 53 48 83 ec 20 48
0x00007ff8d29e6b17:   8b 1d 9b 31 01 00 48 85 db 74 57 b8 ff ff ff ff
0x00007ff8d29e6b27:   f0 0f c1 43 10 83 f8 01 75 3d 48 85 db 74 38 48
0x00007ff8d29e6b37:   8b 0b 48 85 c9 74 0d ff 15 64 07 00 00 48 c7 03
0x00007ff8d29e6b47:   00 00 00 00 48 8b 4b 08 48 85 c9 74 0d e8 37 cd
0x00007ff8d29e6b57:   ff ff 48 c7 43 08 00 00 00 00 ba 18 00 00 00 48
0x00007ff8d29e6b67:   8b cb e8 22 cd ff ff 48 c7 05 3f 31 01 00 00 00
0x00007ff8d29e6b77:   00 00 48 83 c4 20 5b c3 cc 40 53 48 83 ec 20 48 


Stack slot to memory mapping:
stack at sp + 0 slots: 0x0 is NULL
stack at sp + 1 slots: 0x0000025c189a9150 points into unknown readable memory: 0x000314b63a6a29a3 | a3 29 6a 3a b6 14 03 00
stack at sp + 2 slots: 0x00007ff89fca2940 jvm.dll
stack at sp + 3 slots: 0x00007ff8d29e4354 glass.dll
stack at sp + 4 slots: 0x0000025c189a9158 points into unknown readable memory: 0x0000eb70ae9bdac3 | c3 da 9b ae 70 eb 00 00
stack at sp + 5 slots: 0x00007ff9037c42d6 ucrtbase.dll
stack at sp + 6 slots: 0x0000eb70ae9bdac3 is an unknown value
stack at sp + 7 slots: 0x0000025c00000000 points into unknown readable memory: 0x0000000000000006 | 06 00 00 00 00 00 00 00

VM_Operation (0x000000f99fdff290): Exit, mode: safepoint, requested by thread 0x0000025c19f92150


---------------  P R O C E S S  ---------------

Threads class SMR info:
_java_thread_list=0x0000025c21b9a530, length=21, elements={
0x0000025c747b64f0, 0x0000025c16c491c0, 0x0000025c16c4b350, 0x0000025c16c60830,
0x0000025c16c63200, 0x0000025c16c63ac0, 0x0000025c16c69c70, 0x0000025c16c6b630,
0x0000025c16c76710, 0x0000025c178ea460, 0x0000025c1890e310, 0x0000025c1803eb70,
0x0000025c190dcdd0, 0x0000025c195a3970, 0x0000025c195bd3b0, 0x0000025c18f1b690,
0x0000025c187c6da0, 0x0000025c19f92fc0, 0x0000025c19f93490, 0x0000025c19f93e30,
0x0000025c19f92150
}

Java Threads: ( => current thread )
  0x0000025c747b64f0 JavaThread "main" [_thread_blocked, id=8628, stack(0x000000f9a0000000,0x000000f9a0100000)]
  0x0000025c16c491c0 JavaThread "Reference Handler" daemon [_thread_blocked, id=8524, stack(0x000000f9a0700000,0x000000f9a0800000)]
  0x0000025c16c4b350 JavaThread "Finalizer" daemon [_thread_blocked, id=8332, stack(0x000000f9a0800000,0x000000f9a0900000)]
  0x0000025c16c60830 JavaThread "Attach Listener" daemon [_thread_blocked, id=8812, stack(0x000000f9a0a00000,0x000000f9a0b00000)]
  0x0000025c16c63200 JavaThread "Service Thread" daemon [_thread_blocked, id=8656, stack(0x000000f9a0b00000,0x000000f9a0c00000)]
  0x0000025c16c63ac0 JavaThread "Monitor Deflation Thread" daemon [_thread_blocked, id=8516, stack(0x000000f9a0c00000,0x000000f9a0d00000)]
  0x0000025c16c69c70 JavaThread "C2 CompilerThread0" daemon [_thread_blocked, id=8608, stack(0x000000f9a0d00000,0x000000f9a0e00000)]
  0x0000025c16c6b630 JavaThread "C1 CompilerThread0" daemon [_thread_blocked, id=8772, stack(0x000000f9a0e00000,0x000000f9a0f00000)]
  0x0000025c16c76710 JavaThread "Sweeper thread" daemon [_thread_blocked, id=8624, stack(0x000000f9a0f00000,0x000000f9a1000000)]
  0x0000025c178ea460 JavaThread "Common-Cleaner" daemon [_thread_blocked, id=8700, stack(0x000000f9a1100000,0x000000f9a1200000)]
  0x0000025c1890e310 JavaThread "JDWP Event Helper Thread" daemon [_thread_blocked, id=8392, stack(0x000000f9a2000000,0x000000f9a2100000)]
  0x0000025c1803eb70 JavaThread "Notification Thread" daemon [_thread_blocked, id=11484, stack(0x000000f9a2200000,0x000000f9a2300000)]
  0x0000025c190dcdd0 JavaThread "QuantumRenderer-0" daemon [_thread_blocked, id=3580, stack(0x000000f9a2400000,0x000000f9a2500000)]
  0x0000025c195a3970 JavaThread "InvokeLaterDispatcher" daemon [_thread_blocked, id=4848, stack(0x000000f9a1c00000,0x000000f9a1d00000)]
  0x0000025c195bd3b0 JavaThread "JavaFX Application Thread" [_thread_blocked, id=12772, stack(0x000000f9a1d00000,0x000000f9a1e00000)]
  0x0000025c18f1b690 JavaThread "Thread-1" daemon [_thread_in_native, id=15256, stack(0x000000f9a1400000,0x000000f9a1500000)]
  0x0000025c187c6da0 JavaThread "JavaFX-Launcher" [_thread_blocked, id=14644, stack(0x000000f9a1500000,0x000000f9a1600000)]
  0x0000025c19f92fc0 JavaThread "Hibernate Connection Pool Validation Thread" daemon [_thread_blocked, id=1064, stack(0x000000f9a3c00000,0x000000f9a3d00000)]
  0x0000025c19f93490 JavaThread "Prism Font Disposer" daemon [_thread_blocked, id=16060, stack(0x000000f9a3f00000,0x000000f9a4000000)]
  0x0000025c19f93e30 JavaThread "Cleaner-0" daemon [_thread_blocked, id=14620, stack(0x000000f9a4000000,0x000000f9a4100000)]
  0x0000025c19f92150 JavaThread "SIGINT handler" daemon [_thread_blocked, id=16856, stack(0x000000f99fd00000,0x000000f99fe00000)]

Other Threads:
=>0x0000025c16c405b0 VMThread "VM Thread" [stack: 0x000000f9a0600000,0x000000f9a0700000] [id=8712]
  0x0000025c748002f0 GCTaskThread "GC Thread#0" [stack: 0x000000f9a0100000,0x000000f9a0200000] [id=8696]
  0x0000025c17aa4b10 GCTaskThread "GC Thread#1" [stack: 0x000000f9a1800000,0x000000f9a1900000] [id=15684]
  0x0000025c17aa6090 GCTaskThread "GC Thread#2" [stack: 0x000000f9a1900000,0x000000f9a1a00000] [id=9604]
  0x0000025c17aa4dc0 GCTaskThread "GC Thread#3" [stack: 0x000000f9a1a00000,0x000000f9a1b00000] [id=12928]
  0x0000025c17aa5b30 GCTaskThread "GC Thread#4" [stack: 0x000000f9a1b00000,0x000000f9a1c00000] [id=2308]
  0x0000025c17aa55d0 GCTaskThread "GC Thread#5" [stack: 0x000000f9a2700000,0x000000f9a2800000] [id=7076]
  0x0000025c17aa5880 GCTaskThread "GC Thread#6" [stack: 0x000000f9a2800000,0x000000f9a2900000] [id=12484]
  0x0000025c17aa4860 GCTaskThread "GC Thread#7" [stack: 0x000000f9a2900000,0x000000f9a2a00000] [id=5788]
  0x0000025c1958b390 GCTaskThread "GC Thread#8" [stack: 0x000000f9a2a00000,0x000000f9a2b00000] [id=4308]
  0x0000025c1958a370 GCTaskThread "GC Thread#9" [stack: 0x000000f9a2b00000,0x000000f9a2c00000] [id=4868]
  0x0000025c1958d3d0 GCTaskThread "GC Thread#10" [stack: 0x000000f9a3500000,0x000000f9a3600000] [id=16824]
  0x0000025c1958d120 GCTaskThread "GC Thread#11" [stack: 0x000000f9a3600000,0x000000f9a3700000] [id=17380]
  0x0000025c1958be50 GCTaskThread "GC Thread#12" [stack: 0x000000f9a3700000,0x000000f9a3800000] [id=908]
  0x0000025c7480f040 ConcurrentGCThread "G1 Main Marker" terminated
  0x0000025c74811200 ConcurrentGCThread "G1 Conc#0" [stack: 0x000000f9a0300000,0x000000f9a0400000] [id=8688]
  0x0000025c1958d680 ConcurrentGCThread "G1 Conc#1" [stack: 0x000000f9a3800000,0x000000f9a3900000] [id=9852]
  0x0000025c1958dbe0 ConcurrentGCThread "G1 Conc#2" [stack: 0x000000f9a3900000,0x000000f9a3a00000] [id=15280]
  0x0000025c7487af80 ConcurrentGCThread "G1 Refine#0" terminated
  0x0000025c7487b9a0 ConcurrentGCThread "G1 Service" terminated

Threads with active compile tasks:
C2 CompilerThread0  
[error occurred during error reporting (printing all threads), id 0xc0000005, EXCEPTION_ACCESS_VIOLATION (0xc0000005) at pc=0x00007ff89f90cfa3]

VM state: at safepoint (shutting down)

VM Mutex/Monitor currently owned by a thread:  ([mutex/lock_event])
[0x0000025c747b1d10] Threads_lock - owner thread: 0x0000025c16c405b0
[0x0000025c747b2df0] Heap_lock - owner thread: 0x0000025c19f92150

Heap address: 0x0000000722000000, size: 3552 MB, Compressed Oops mode: Zero based, Oop shift amount: 3

CDS archive(s) mapped at: [0x0000000800000000-0x0000000800bc0000-0x0000000800bc0000), size 12320768, SharedBaseAddress: 0x0000000800000000, ArchiveRelocationMode: 0.
Compressed class space mapped at: 0x0000000800c00000-0x0000000840c00000, reserved size: 1073741824
Narrow klass base: 0x0000000800000000, Narrow klass shift: 0, Narrow klass range: 0x100000000

GC Precious Log:
 CPUs: 16 total, 16 available
 Memory: 14204M
 Large Page Support: Disabled
 NUMA Support: Disabled
 Compressed Oops: Enabled (Zero based)
 Heap Region Size: 2M
 Heap Min Capacity: 8M
 Heap Initial Capacity: 222M
 Heap Max Capacity: 3552M
 Pre-touch: Disabled
 Parallel Workers: 13
 Concurrent Workers: 3
 Concurrent Refinement Workers: 13
 Periodic GC: Disabled

Heap:
 garbage-first heap   total 137216K, used 40926K [0x0000000722000000, 0x0000000800000000)
  region size 2048K, 9 young (18432K), 2 survivors (4096K)
 Metaspace       used 45589K, committed 45888K, reserved 1089536K
  class space    used 6069K, committed 6208K, reserved 1048576K

Heap Regions: E=young(eden), S=young(survivor), O=old, HS=humongous(starts), HC=humongous(continues), CS=collection set, F=free, OA=open archive, CA=closed archive, TAMS=top-at-mark-start (previous, next)
|   0|0x0000000722000000, 0x0000000722149600, 0x0000000722200000| 64%| O|  |TAMS 0x00000007220b9a00, 0x00000007220b9a00| Untracked 
|   1|0x0000000722200000, 0x00000007222ae338, 0x0000000722400000| 34%| S|CS|TAMS 0x0000000722200000, 0x0000000722200000| Complete 
|   2|0x0000000722400000, 0x0000000722600000, 0x0000000722600000|100%| S|CS|TAMS 0x0000000722400000, 0x0000000722400000| Complete 
|   3|0x0000000722600000, 0x0000000722800000, 0x0000000722800000|100%|HS|  |TAMS 0x0000000722600000, 0x0000000722600000| Complete 
|   4|0x0000000722800000, 0x0000000722a00000, 0x0000000722a00000|100%| O|  |TAMS 0x0000000722a00000, 0x0000000722a00000| Untracked 
|   5|0x0000000722a00000, 0x0000000722c00000, 0x0000000722c00000|100%| O|  |TAMS 0x0000000722c00000, 0x0000000722c00000| Untracked 
|   6|0x0000000722c00000, 0x0000000722e00000, 0x0000000722e00000|100%| O|  |TAMS 0x0000000722e00000, 0x0000000722e00000| Untracked 
|   7|0x0000000722e00000, 0x0000000723000000, 0x0000000723000000|100%| O|  |TAMS 0x0000000723000000, 0x0000000723000000| Untracked 
|   8|0x0000000723000000, 0x0000000723200000, 0x0000000723200000|100%| O|  |TAMS 0x0000000723200000, 0x0000000723200000| Untracked 
|   9|0x0000000723200000, 0x0000000723400000, 0x0000000723400000|100%|HS|  |TAMS 0x0000000723200000, 0x0000000723200000| Complete 
|  10|0x0000000723400000, 0x0000000723600000, 0x0000000723600000|100%|HC|  |TAMS 0x0000000723400000, 0x0000000723400000| Complete 
|  11|0x0000000723600000, 0x0000000723800000, 0x0000000723800000|100%|HC|  |TAMS 0x0000000723600000, 0x0000000723600000| Complete 
|  12|0x0000000723800000, 0x0000000723a00000, 0x0000000723a00000|100%|HC|  |TAMS 0x0000000723800000, 0x0000000723800000| Complete 
|  13|0x0000000723a00000, 0x0000000723c00000, 0x0000000723c00000|100%|HC|  |TAMS 0x0000000723a00000, 0x0000000723a00000| Complete 
|  14|0x0000000723c00000, 0x0000000723e00000, 0x0000000723e00000|100%|HC|  |TAMS 0x0000000723c00000, 0x0000000723c00000| Complete 
|  15|0x0000000723e00000, 0x0000000723e00000, 0x0000000724000000|  0%| F|  |TAMS 0x0000000723e00000, 0x0000000723e00000| Untracked 
|  16|0x0000000724000000, 0x0000000724000000, 0x0000000724200000|  0%| F|  |TAMS 0x0000000724000000, 0x0000000724000000| Untracked 
|  17|0x0000000724200000, 0x0000000724200000, 0x0000000724400000|  0%| F|  |TAMS 0x0000000724200000, 0x0000000724200000| Untracked 
|  18|0x0000000724400000, 0x0000000724400000, 0x0000000724600000|  0%| F|  |TAMS 0x0000000724400000, 0x0000000724400000| Untracked 
|  19|0x0000000724600000, 0x0000000724600000, 0x0000000724800000|  0%| F|  |TAMS 0x0000000724600000, 0x0000000724600000| Untracked 
|  20|0x0000000724800000, 0x0000000724800000, 0x0000000724a00000|  0%| F|  |TAMS 0x0000000724800000, 0x0000000724800000| Untracked 
|  21|0x0000000724a00000, 0x0000000724a00000, 0x0000000724c00000|  0%| F|  |TAMS 0x0000000724a00000, 0x0000000724a00000| Untracked 
|  22|0x0000000724c00000, 0x0000000724c00000, 0x0000000724e00000|  0%| F|  |TAMS 0x0000000724c00000, 0x0000000724c00000| Untracked 
|  23|0x0000000724e00000, 0x0000000724e00000, 0x0000000725000000|  0%| F|  |TAMS 0x0000000724e00000, 0x0000000724e00000| Untracked 
|  24|0x0000000725000000, 0x0000000725000000, 0x0000000725200000|  0%| F|  |TAMS 0x0000000725000000, 0x0000000725000000| Untracked 
|  25|0x0000000725200000, 0x0000000725200000, 0x0000000725400000|  0%| F|  |TAMS 0x0000000725200000, 0x0000000725200000| Untracked 
|  26|0x0000000725400000, 0x0000000725400000, 0x0000000725600000|  0%| F|  |TAMS 0x0000000725400000, 0x0000000725400000| Untracked 
|  27|0x0000000725600000, 0x0000000725600000, 0x0000000725800000|  0%| F|  |TAMS 0x0000000725600000, 0x0000000725600000| Untracked 
|  28|0x0000000725800000, 0x0000000725800000, 0x0000000725a00000|  0%| F|  |TAMS 0x0000000725800000, 0x0000000725800000| Untracked 
|  29|0x0000000725a00000, 0x0000000725a00000, 0x0000000725c00000|  0%| F|  |TAMS 0x0000000725a00000, 0x0000000725a00000| Untracked 
|  30|0x0000000725c00000, 0x0000000725c00000, 0x0000000725e00000|  0%| F|  |TAMS 0x0000000725c00000, 0x0000000725c00000| Untracked 
|  31|0x0000000725e00000, 0x0000000725e00000, 0x0000000726000000|  0%| F|  |TAMS 0x0000000725e00000, 0x0000000725e00000| Untracked 
|  32|0x0000000726000000, 0x0000000726000000, 0x0000000726200000|  0%| F|  |TAMS 0x0000000726000000, 0x0000000726000000| Untracked 
|  33|0x0000000726200000, 0x0000000726200000, 0x0000000726400000|  0%| F|  |TAMS 0x0000000726200000, 0x0000000726200000| Untracked 
|  34|0x0000000726400000, 0x0000000726400000, 0x0000000726600000|  0%| F|  |TAMS 0x0000000726400000, 0x0000000726400000| Untracked 
|  35|0x0000000726600000, 0x0000000726600000, 0x0000000726800000|  0%| F|  |TAMS 0x0000000726600000, 0x0000000726600000| Untracked 
|  36|0x0000000726800000, 0x0000000726800000, 0x0000000726a00000|  0%| F|  |TAMS 0x0000000726800000, 0x0000000726800000| Untracked 
|  37|0x0000000726a00000, 0x0000000726a00000, 0x0000000726c00000|  0%| F|  |TAMS 0x0000000726a00000, 0x0000000726a00000| Untracked 
|  38|0x0000000726c00000, 0x0000000726c00000, 0x0000000726e00000|  0%| F|  |TAMS 0x0000000726c00000, 0x0000000726c00000| Untracked 
|  39|0x0000000726e00000, 0x0000000726e00000, 0x0000000727000000|  0%| F|  |TAMS 0x0000000726e00000, 0x0000000726e00000| Untracked 
|  40|0x0000000727000000, 0x0000000727000000, 0x0000000727200000|  0%| F|  |TAMS 0x0000000727000000, 0x0000000727000000| Untracked 
|  41|0x0000000727200000, 0x0000000727200000, 0x0000000727400000|  0%| F|  |TAMS 0x0000000727200000, 0x0000000727200000| Untracked 
|  42|0x0000000727400000, 0x0000000727400000, 0x0000000727600000|  0%| F|  |TAMS 0x0000000727400000, 0x0000000727400000| Untracked 
|  43|0x0000000727600000, 0x0000000727600000, 0x0000000727800000|  0%| F|  |TAMS 0x0000000727600000, 0x0000000727600000| Untracked 
|  44|0x0000000727800000, 0x0000000727800000, 0x0000000727a00000|  0%| F|  |TAMS 0x0000000727800000, 0x0000000727800000| Untracked 
|  45|0x0000000727a00000, 0x0000000727a00000, 0x0000000727c00000|  0%| F|  |TAMS 0x0000000727a00000, 0x0000000727a00000| Untracked 
|  46|0x0000000727c00000, 0x0000000727c00000, 0x0000000727e00000|  0%| F|  |TAMS 0x0000000727c00000, 0x0000000727c00000| Untracked 
|  47|0x0000000727e00000, 0x0000000727e00000, 0x0000000728000000|  0%| F|  |TAMS 0x0000000727e00000, 0x0000000727e00000| Untracked 
|  48|0x0000000728000000, 0x0000000728000000, 0x0000000728200000|  0%| F|  |TAMS 0x0000000728000000, 0x0000000728000000| Untracked 
|  49|0x0000000728200000, 0x0000000728200000, 0x0000000728400000|  0%| F|  |TAMS 0x0000000728200000, 0x0000000728200000| Untracked 
|  50|0x0000000728400000, 0x0000000728400000, 0x0000000728600000|  0%| F|  |TAMS 0x0000000728400000, 0x0000000728400000| Untracked 
|  51|0x0000000728600000, 0x0000000728600000, 0x0000000728800000|  0%| F|  |TAMS 0x0000000728600000, 0x0000000728600000| Untracked 
|  52|0x0000000728800000, 0x0000000728800000, 0x0000000728a00000|  0%| F|  |TAMS 0x0000000728800000, 0x0000000728800000| Untracked 
|  53|0x0000000728a00000, 0x0000000728a00000, 0x0000000728c00000|  0%| F|  |TAMS 0x0000000728a00000, 0x0000000728a00000| Untracked 
|  54|0x0000000728c00000, 0x0000000728c00000, 0x0000000728e00000|  0%| F|  |TAMS 0x0000000728c00000, 0x0000000728c00000| Untracked 
|  55|0x0000000728e00000, 0x0000000728e00000, 0x0000000729000000|  0%| F|  |TAMS 0x0000000728e00000, 0x0000000728e00000| Untracked 
|  56|0x0000000729000000, 0x0000000729000000, 0x0000000729200000|  0%| F|  |TAMS 0x0000000729000000, 0x0000000729000000| Untracked 
|  57|0x0000000729200000, 0x0000000729200000, 0x0000000729400000|  0%| F|  |TAMS 0x0000000729200000, 0x0000000729200000| Untracked 
|  58|0x0000000729400000, 0x0000000729400000, 0x0000000729600000|  0%| F|  |TAMS 0x0000000729400000, 0x0000000729400000| Untracked 
|  59|0x0000000729600000, 0x0000000729600000, 0x0000000729800000|  0%| F|  |TAMS 0x0000000729600000, 0x0000000729600000| Untracked 
|  60|0x0000000729800000, 0x000000072989c2a0, 0x0000000729a00000| 30%| E|  |TAMS 0x0000000729800000, 0x0000000729800000| Complete 
|  67|0x000000072a600000, 0x000000072a800000, 0x000000072a800000|100%| E|CS|TAMS 0x000000072a600000, 0x000000072a600000| Complete 
|  68|0x000000072a800000, 0x000000072aa00000, 0x000000072aa00000|100%| E|CS|TAMS 0x000000072a800000, 0x000000072a800000| Complete 
|  69|0x000000072aa00000, 0x000000072ac00000, 0x000000072ac00000|100%| E|CS|TAMS 0x000000072aa00000, 0x000000072aa00000| Complete 
|  70|0x000000072ac00000, 0x000000072ae00000, 0x000000072ae00000|100%| E|CS|TAMS 0x000000072ac00000, 0x000000072ac00000| Complete 
|  71|0x000000072ae00000, 0x000000072b000000, 0x000000072b000000|100%| E|CS|TAMS 0x000000072ae00000, 0x000000072ae00000| Complete 
| 110|0x000000072fc00000, 0x000000072fe00000, 0x000000072fe00000|100%| E|CS|TAMS 0x000000072fc00000, 0x000000072fc00000| Complete 

Card table byte_map: [0x0000025c7cf30000,0x0000025c7d620000] _byte_map_base: 0x0000025c79620000

Marking Bits (Prev, Next): (CMBitMap*) 0x0000025c74800900, (CMBitMap*) 0x0000025c74800940
 Prev Bits: [0x0000025c0f000000, 0x0000025c12780000)
 Next Bits: [0x0000025c12780000, 0x0000025c15f00000)

Polling page: 0x0000025c72720000

Metaspace:

Usage:
  Non-class:     38.59 MB used.
      Class:      5.93 MB used.
       Both:     44.52 MB used.

Virtual space:
  Non-class space:       40.00 MB reserved,      38.75 MB ( 97%) committed,  5 nodes.
      Class space:        1.00 GB reserved,       6.06 MB ( <1%) committed,  1 nodes.
             Both:        1.04 GB reserved,      44.81 MB (  4%) committed. 

Chunk freelists:
   Non-Class:  1.00 MB
       Class:  1.91 MB
        Both:  2.91 MB

MaxMetaspaceSize: unlimited
CompressedClassSpaceSize: 1.00 GB
Initial GC threshold: 21.00 MB
Current GC threshold: 58.88 MB
CDS: on
MetaspaceReclaimPolicy: balanced
 - commit_granule_bytes: 65536.
 - commit_granule_words: 8192.
 - virtual_space_node_default_size: 1048576.
 - enlarge_chunks_in_place: 1.
 - new_chunks_are_fully_committed: 0.
 - uncommit_free_chunks: 1.
 - use_allocation_guard: 0.
 - handle_deallocations: 1.


Internal statistics:

num_allocs_failed_limit: 6.
num_arena_births: 350.
num_arena_deaths: 0.
num_vsnodes_births: 6.
num_vsnodes_deaths: 0.
num_space_committed: 717.
num_space_uncommitted: 0.
num_chunks_returned_to_freelist: 6.
num_chunks_taken_from_freelist: 1745.
num_chunk_merges: 3.
num_chunk_splits: 1264.
num_chunks_enlarged: 1005.
num_purges: 0.
num_inconsistent_stats: 0.

CodeHeap 'non-profiled nmethods': size=119168Kb used=2656Kb max_used=2656Kb free=116511Kb
 bounds [0x0000025c07ba0000, 0x0000025c07e40000, 0x0000025c0f000000]
CodeHeap 'profiled nmethods': size=119104Kb used=10457Kb max_used=10457Kb free=108646Kb
 bounds [0x0000025c00750000, 0x0000025c01190000, 0x0000025c07ba0000]
CodeHeap 'non-nmethods': size=7488Kb used=1660Kb max_used=3396Kb free=5827Kb
 bounds [0x0000025c00000000, 0x0000025c00360000, 0x0000025c00750000]
 total_blobs=6207 nmethods=5217 adapters=901
 compilation: enabled
              stopped_count=0, restarted_count=0
 full_count=0

Compilation events (20 events):
Event: 26.759 Thread 0x0000025c2316fbb0 5195       3       javafx.beans.binding.StringExpression::getValue (8 bytes)
Event: 26.759 Thread 0x0000025c2316fbb0 nmethod 5195 0x0000025c0117b290 code [0x0000025c0117b440, 0x0000025c0117b708]
Event: 26.759 Thread 0x0000025c2316fbb0 5203       3       com.sun.javafx.geom.transform.Identity::getDegree (4 bytes)
Event: 26.760 Thread 0x0000025c2316fbb0 nmethod 5203 0x0000025c0117b810 code [0x0000025c0117b9a0, 0x0000025c0117bab8]
Event: 26.761 Thread 0x0000025c16c6b630 nmethod 5192 0x0000025c0117bb90 code [0x0000025c0117c400, 0x0000025c01180f78]
Event: 26.956 Thread 0x0000025c2316fbb0 5204       3       java.util.WeakHashMap::put (160 bytes)
Event: 26.957 Thread 0x0000025c2316fbb0 nmethod 5204 0x0000025c01182990 code [0x0000025c01182c20, 0x0000025c01183c68]
Event: 26.973 Thread 0x0000025c16c6b630 5205       3       com.sun.javafx.css.PseudoClassState::getIndex (86 bytes)
Event: 26.973 Thread 0x0000025c2316fbb0 5206       1       com.sun.javafx.stage.WindowEventDispatcher::getFirstDispatcher (5 bytes)
Event: 26.973 Thread 0x0000025c2316fbb0 nmethod 5206 0x0000025c07e33b90 code [0x0000025c07e33d20, 0x0000025c07e33df8]
Event: 26.974 Thread 0x0000025c16c6b630 nmethod 5205 0x0000025c01184210 code [0x0000025c011844a0, 0x0000025c011855a8]
Event: 26.975 Thread 0x0000025c2316fbb0 5207       1       com.sun.javafx.scene.SceneEventDispatcher::getFirstDispatcher (5 bytes)
Event: 26.975 Thread 0x0000025c2316fbb0 nmethod 5207 0x0000025c07e33e90 code [0x0000025c07e34020, 0x0000025c07e340f8]
Event: 26.983 Thread 0x0000025c2316fbb0 5208       3       java.lang.AbstractStringBuilder::append (77 bytes)
Event: 26.984 Thread 0x0000025c2316fbb0 nmethod 5208 0x0000025c01185b10 code [0x0000025c01185d20, 0x0000025c011863c8]
Event: 160.160 Thread 0x0000025c16c69c70 5219       4       com.sun.javafx.tk.quantum.QuantumToolkit::postPulse (133 bytes)
Event: 160.170 Thread 0x0000025c16c69c70 nmethod 5219 0x0000025c07e35f90 code [0x0000025c07e36180, 0x0000025c07e368f0]
Event: 160.170 Thread 0x0000025c16c69c70 5220       4       com.sun.javafx.tk.quantum.QuantumToolkit$$Lambda$103/0x0000000800c3acb0::run (8 bytes)
Event: 160.179 Thread 0x0000025c16c69c70 nmethod 5220 0x0000025c07e36e90 code [0x0000025c07e37080, 0x0000025c07e37960]
Event: 160.203 Thread 0x0000025c16c69c70 5221       4       java.util.concurrent.ConcurrentHashMap$ValueIterator::next (34 bytes)

GC Heap History (20 events):
Event: 0.152 GC heap before
{Heap before GC invocations=0 (full 0):
 garbage-first heap   total 227328K, used 20480K [0x0000000722000000, 0x0000000800000000)
  region size 2048K, 11 young (22528K), 0 survivors (0K)
 Metaspace       used 383K, committed 576K, reserved 1056768K
  class space    used 18K, committed 128K, reserved 1048576K
}
Event: 0.154 GC heap after
{Heap after GC invocations=1 (full 0):
 garbage-first heap   total 227328K, used 1631K [0x0000000722000000, 0x0000000800000000)
  region size 2048K, 1 young (2048K), 1 survivors (2048K)
 Metaspace       used 383K, committed 576K, reserved 1056768K
  class space    used 18K, committed 128K, reserved 1048576K
}
Event: 0.798 GC heap before
{Heap before GC invocations=1 (full 0):
 garbage-first heap   total 227328K, used 40543K [0x0000000722000000, 0x0000000800000000)
  region size 2048K, 21 young (43008K), 1 survivors (2048K)
 Metaspace       used 3083K, committed 3264K, reserved 1056768K
  class space    used 317K, committed 384K, reserved 1048576K
}
Event: 0.801 GC heap after
{Heap after GC invocations=2 (full 0):
 garbage-first heap   total 227328K, used 2696K [0x0000000722000000, 0x0000000800000000)
  region size 2048K, 2 young (4096K), 2 survivors (4096K)
 Metaspace       used 3083K, committed 3264K, reserved 1056768K
  class space    used 317K, committed 384K, reserved 1048576K
}
Event: 2.122 GC heap before
{Heap before GC invocations=2 (full 0):
 garbage-first heap   total 227328K, used 74376K [0x0000000722000000, 0x0000000800000000)
  region size 2048K, 39 young (79872K), 2 survivors (4096K)
 Metaspace       used 21279K, committed 21504K, reserved 1073152K
  class space    used 2845K, committed 3008K, reserved 1048576K
}
Event: 2.129 GC heap after
{Heap after GC invocations=3 (full 0):
 garbage-first heap   total 227328K, used 9510K [0x0000000722000000, 0x0000000800000000)
  region size 2048K, 5 young (10240K), 5 survivors (10240K)
 Metaspace       used 21279K, committed 21504K, reserved 1073152K
  class space    used 2845K, committed 3008K, reserved 1048576K
}
Event: 2.636 GC heap before
{Heap before GC invocations=4 (full 0):
 garbage-first heap   total 40960K, used 29990K [0x0000000722000000, 0x0000000800000000)
  region size 2048K, 16 young (32768K), 5 survivors (10240K)
 Metaspace       used 28705K, committed 28992K, reserved 1081344K
  class space    used 3704K, committed 3840K, reserved 1048576K
}
Event: 2.644 GC heap after
{Heap after GC invocations=5 (full 0):
 garbage-first heap   total 45056K, used 11090K [0x0000000722000000, 0x0000000800000000)
  region size 2048K, 6 young (12288K), 6 survivors (12288K)
 Metaspace       used 28705K, committed 28992K, reserved 1081344K
  class space    used 3704K, committed 3840K, reserved 1048576K
}
Event: 2.870 GC heap before
{Heap before GC invocations=5 (full 0):
 garbage-first heap   total 45056K, used 23378K [0x0000000722000000, 0x0000000800000000)
  region size 2048K, 13 young (26624K), 6 survivors (12288K)
 Metaspace       used 31612K, committed 31936K, reserved 1081344K
  class space    used 4058K, committed 4224K, reserved 1048576K
}
Event: 2.877 GC heap after
{Heap after GC invocations=6 (full 0):
 garbage-first heap   total 45056K, used 12221K [0x0000000722000000, 0x0000000800000000)
  region size 2048K, 2 young (4096K), 2 survivors (4096K)
 Metaspace       used 31612K, committed 31936K, reserved 1081344K
  class space    used 4058K, committed 4224K, reserved 1048576K
}
Event: 3.284 GC heap before
{Heap before GC invocations=6 (full 0):
 garbage-first heap   total 45056K, used 30653K [0x0000000722000000, 0x0000000800000000)
  region size 2048K, 11 young (22528K), 2 survivors (4096K)
 Metaspace       used 35248K, committed 35584K, reserved 1081344K
  class space    used 4614K, committed 4800K, reserved 1048576K
}
Event: 3.287 GC heap after
{Heap after GC invocations=7 (full 0):
 garbage-first heap   total 45056K, used 12610K [0x0000000722000000, 0x0000000800000000)
  region size 2048K, 1 young (2048K), 1 survivors (2048K)
 Metaspace       used 35248K, committed 35584K, reserved 1081344K
  class space    used 4614K, committed 4800K, reserved 1048576K
}
Event: 3.387 GC heap before
{Heap before GC invocations=7 (full 0):
 garbage-first heap   total 45056K, used 16706K [0x0000000722000000, 0x0000000800000000)
  region size 2048K, 4 young (8192K), 1 survivors (2048K)
 Metaspace       used 35709K, committed 35968K, reserved 1081344K
  class space    used 4649K, committed 4800K, reserved 1048576K
}
Event: 3.390 GC heap after
{Heap after GC invocations=8 (full 0):
 garbage-first heap   total 45056K, used 12489K [0x0000000722000000, 0x0000000800000000)
  region size 2048K, 1 young (2048K), 1 survivors (2048K)
 Metaspace       used 35709K, committed 35968K, reserved 1081344K
  class space    used 4649K, committed 4800K, reserved 1048576K
}
Event: 3.697 GC heap before
{Heap before GC invocations=9 (full 0):
 garbage-first heap   total 45056K, used 30921K [0x0000000722000000, 0x0000000800000000)
  region size 2048K, 11 young (22528K), 1 survivors (2048K)
 Metaspace       used 39708K, committed 40000K, reserved 1089536K
  class space    used 5125K, committed 5248K, reserved 1048576K
}
Event: 3.699 GC heap after
{Heap after GC invocations=10 (full 0):
 garbage-first heap   total 45056K, used 13443K [0x0000000722000000, 0x0000000800000000)
  region size 2048K, 2 young (4096K), 2 survivors (4096K)
 Metaspace       used 39708K, committed 40000K, reserved 1089536K
  class space    used 5125K, committed 5248K, reserved 1048576K
}
Event: 3.866 GC heap before
{Heap before GC invocations=10 (full 0):
 garbage-first heap   total 45056K, used 17539K [0x0000000722000000, 0x0000000800000000)
  region size 2048K, 5 young (10240K), 2 survivors (4096K)
 Metaspace       used 40624K, committed 40960K, reserved 1089536K
  class space    used 5234K, committed 5376K, reserved 1048576K
}
Event: 3.869 GC heap after
{Heap after GC invocations=11 (full 0):
 garbage-first heap   total 45056K, used 13684K [0x0000000722000000, 0x0000000800000000)
  region size 2048K, 2 young (4096K), 2 survivors (4096K)
 Metaspace       used 40624K, committed 40960K, reserved 1089536K
  class space    used 5234K, committed 5376K, reserved 1048576K
}
Event: 4.345 GC heap before
{Heap before GC invocations=11 (full 0):
 garbage-first heap   total 45056K, used 34164K [0x0000000722000000, 0x0000000800000000)
  region size 2048K, 8 young (16384K), 2 survivors (4096K)
 Metaspace       used 43294K, committed 43584K, reserved 1089536K
  class space    used 5747K, committed 5888K, reserved 1048576K
}
Event: 4.347 GC heap after
{Heap after GC invocations=12 (full 0):
 garbage-first heap   total 137216K, used 26590K [0x0000000722000000, 0x0000000800000000)
  region size 2048K, 2 young (4096K), 2 survivors (4096K)
 Metaspace       used 43294K, committed 43584K, reserved 1089536K
  class space    used 5747K, committed 5888K, reserved 1048576K
}

Deoptimization events (20 events):
Event: 24.733 Thread 0x0000025c195bd3b0 Uncommon trap: trap_request=0xffffff45 fr.pc=0x0000025c07bab48c relative=0x000000000000020c
Event: 24.733 Thread 0x0000025c195bd3b0 Uncommon trap: reason=unstable_if action=reinterpret pc=0x0000025c07bab48c method=java.lang.String.isLatin1()Z @ 10 c2
Event: 24.733 Thread 0x0000025c195bd3b0 DEOPT PACKING pc=0x0000025c07bab48c sp=0x000000f9a1dfbad0
Event: 24.733 Thread 0x0000025c195bd3b0 DEOPT UNPACKING pc=0x0000025c000523a3 sp=0x000000f9a1dfba08 mode 2
Event: 24.889 Thread 0x0000025c195bd3b0 Uncommon trap: trap_request=0xffffff45 fr.pc=0x0000025c07c017a4 relative=0x0000000000000384
Event: 24.889 Thread 0x0000025c195bd3b0 Uncommon trap: reason=unstable_if action=reinterpret pc=0x0000025c07c017a4 method=java.lang.StringLatin1.canEncode(I)Z @ 4 c2
Event: 24.889 Thread 0x0000025c195bd3b0 DEOPT PACKING pc=0x0000025c07c017a4 sp=0x000000f9a1dfb6c0
Event: 24.889 Thread 0x0000025c195bd3b0 DEOPT UNPACKING pc=0x0000025c000523a3 sp=0x000000f9a1dfb660 mode 2
Event: 26.157 Thread 0x0000025c195bd3b0 Uncommon trap: trap_request=0xffffff45 fr.pc=0x0000025c07ddcb80 relative=0x00000000000007c0
Event: 26.157 Thread 0x0000025c195bd3b0 Uncommon trap: reason=unstable_if action=reinterpret pc=0x0000025c07ddcb80 method=java.util.WeakHashMap.put(Ljava/lang/Object;Ljava/lang/Object;)Ljava/lang/Object; @ 146 c2
Event: 26.157 Thread 0x0000025c195bd3b0 DEOPT PACKING pc=0x0000025c07ddcb80 sp=0x000000f9a1dfbfa0
Event: 26.157 Thread 0x0000025c195bd3b0 DEOPT UNPACKING pc=0x0000025c000523a3 sp=0x000000f9a1dfbf78 mode 2
Event: 27.288 Thread 0x0000025c195bd3b0 Uncommon trap: trap_request=0xffffff45 fr.pc=0x0000025c07da3130 relative=0x0000000000000ff0
Event: 27.288 Thread 0x0000025c195bd3b0 Uncommon trap: reason=unstable_if action=reinterpret pc=0x0000025c07da3130 method=java.util.zip.ZipFile$ZipFileInputStream.read([BII)I @ 26 c2
Event: 27.288 Thread 0x0000025c195bd3b0 DEOPT PACKING pc=0x0000025c07da3130 sp=0x000000f9a1dfa670
Event: 27.289 Thread 0x0000025c195bd3b0 DEOPT UNPACKING pc=0x0000025c000523a3 sp=0x000000f9a1dfa6a0 mode 2
Event: 160.204 Thread 0x0000025c190dcdd0 DEOPT PACKING pc=0x0000025c010e4dc4 sp=0x000000f9a24fee80
Event: 160.204 Thread 0x0000025c190dcdd0 DEOPT UNPACKING pc=0x0000025c00052b43 sp=0x000000f9a24fe3a8 mode 1
Event: 160.204 Thread 0x0000025c19f92af0 DEOPT PACKING pc=0x0000025c00936b4c sp=0x000000f99fefef10
Event: 160.204 Thread 0x0000025c19f92af0 DEOPT UNPACKING pc=0x0000025c00052b43 sp=0x000000f99fefe370 mode 1

Classes unloaded (0 events):
No events

Classes redefined (0 events):
No events

Internal exceptions (20 events):
Event: 3.507 Thread 0x0000025c195bd3b0 Exception <a 'sun/nio/fs/WindowsException'{0x000000072a6cb000}> (0x000000072a6cb000) 
thrown [t:\workspace\open\src\hotspot\share\prims\jni.cpp, line 516]
Event: 3.507 Thread 0x0000025c195bd3b0 Exception <a 'sun/nio/fs/WindowsException'{0x000000072a6cf2a0}> (0x000000072a6cf2a0) 
thrown [t:\workspace\open\src\hotspot\share\prims\jni.cpp, line 516]
Event: 3.507 Thread 0x0000025c195bd3b0 Exception <a 'sun/nio/fs/WindowsException'{0x000000072a6d5b38}> (0x000000072a6d5b38) 
thrown [t:\workspace\open\src\hotspot\share\prims\jni.cpp, line 516]
Event: 3.508 Thread 0x0000025c195bd3b0 Exception <a 'sun/nio/fs/WindowsException'{0x000000072a6dc088}> (0x000000072a6dc088) 
thrown [t:\workspace\open\src\hotspot\share\prims\jni.cpp, line 516]
Event: 3.513 Thread 0x0000025c195bd3b0 Exception <a 'sun/nio/fs/WindowsException'{0x000000072a73d778}> (0x000000072a73d778) 
thrown [t:\workspace\open\src\hotspot\share\prims\jni.cpp, line 516]
Event: 3.551 Thread 0x0000025c195bd3b0 Exception <a 'java/lang/NoSuchMethodError'{0x0000000723f83150}: 'java.lang.Object java.lang.invoke.DirectMethodHandle$Holder.invokeInterface(java.lang.Object, java.lang.Object, java.lang.Object)'> (0x0000000723f83150) 
thrown [t:\workspace\open\src\hotspot\share\interpreter\linkResolver.cpp, line 766]
Event: 3.667 Thread 0x0000025c195bd3b0 Exception <a 'java/lang/NoSuchMethodError'{0x00000007236d0668}: 'void java.lang.invoke.DirectMethodHandle$Holder.invokeInterface(java.lang.Object, java.lang.Object, java.lang.Object)'> (0x00000007236d0668) 
thrown [t:\workspace\open\src\hotspot\share\interpreter\linkResolver.cpp, line 766]
Event: 3.706 Thread 0x0000025c195bd3b0 Exception <a 'java/lang/NoSuchMethodError'{0x000000072fc49770}: 'java.lang.Object java.lang.invoke.DirectMethodHandle$Holder.invokeStaticInit(java.lang.Object, java.lang.Object, java.lang.Object, java.lang.Object, java.lang.Object, java.lang.Object)'> (0x000000072fc49770) 
thrown [t:\workspace\open\src\hotspot\share\interpreter\linkResolver.cpp, line 766]
Event: 3.708 Thread 0x0000025c195bd3b0 Exception <a 'java/lang/NoSuchMethodError'{0x000000072fc6d938}: 'void java.lang.invoke.DirectMethodHandle$Holder.invokeInterface(java.lang.Object, java.lang.Object, java.lang.Object, java.lang.Object)'> (0x000000072fc6d938) 
thrown [t:\workspace\open\src\hotspot\share\interpreter\linkResolver.cpp, line 766]
Event: 3.863 Thread 0x0000025c195bd3b0 Exception <a 'java/io/FileNotFoundException'{0x000000072ac804a0}> (0x000000072ac804a0) 
thrown [t:\workspace\open\src\hotspot\share\prims\jni.cpp, line 516]
Event: 4.230 Thread 0x0000025c195bd3b0 Exception <a 'java/lang/IncompatibleClassChangeError'{0x000000072a6e1e08}: Found class java.lang.Object, but interface was expected> (0x000000072a6e1e08) 
thrown [t:\workspace\open\src\hotspot\share\interpreter\linkResolver.cpp, line 833]
Event: 4.283 Thread 0x0000025c195bd3b0 Exception <a 'java/lang/ClassNotFoundException'{0x0000000723f07bd8}: com/sun/javafx/scene/control/skin/resources/controls> (0x0000000723f07bd8) 
thrown [t:\workspace\open\src\hotspot\share\prims\jni.cpp, line 535]
Event: 4.284 Thread 0x0000025c195bd3b0 Exception <a 'java/lang/ClassNotFoundException'{0x0000000723f15b60}: com/sun/javafx/scene/control/skin/resources/controls_en> (0x0000000723f15b60) 
thrown [t:\workspace\open\src\hotspot\share\prims\jni.cpp, line 535]
Event: 4.284 Thread 0x0000025c195bd3b0 Exception <a 'java/lang/ClassNotFoundException'{0x0000000723f16d28}: com/sun/javafx/scene/control/skin/resources/controls_en_US> (0x0000000723f16d28) 
thrown [t:\workspace\open\src\hotspot\share\prims\jni.cpp, line 535]
Event: 4.331 Thread 0x0000025c195bd3b0 Exception <a 'java/lang/NoSuchMethodError'{0x00000007226d8018}: 'void java.lang.invoke.DirectMethodHandle$Holder.invokeSpecial(java.lang.Object, java.lang.Object, java.lang.Object, java.lang.Object, java.lang.Object, java.lang.Object)'> (0x00000007226d8018) 
thrown [t:\workspace\open\src\hotspot\share\interpreter\linkResolver.cpp, line 766]
Event: 4.447 Thread 0x0000025c195bd3b0 Exception <a 'java/lang/NoSuchMethodError'{0x000000072aee64b8}: 'java.lang.Object java.lang.invoke.DirectMethodHandle$Holder.newInvokeSpecial(java.lang.Object, java.lang.Object, int)'> (0x000000072aee64b8) 
thrown [t:\workspace\open\src\hotspot\share\interpreter\linkResolver.cpp, line 766]
Event: 4.482 Thread 0x0000025c195bd3b0 Exception <a 'java/lang/NoSuchMethodError'{0x000000072af9afa0}: 'java.lang.Object java.lang.invoke.DirectMethodHandle$Holder.newInvokeSpecial(java.lang.Object, java.lang.Object, java.lang.Object, double, double, double, double, int, int, int, int, int, int, int, int, int)'> (0x000000072af9afa0) 
thrown [t:\workspace\open\src\hotspot\share\interpreter\linkResolver.cpp, line 766]
Event: 4.488 Thread 0x0000025c195bd3b0 Exception <a 'java/lang/NoSuchMethodError'{0x000000072afcbe38}: 'long java.lang.invoke.DirectMethodHandle$Holder.invokeStatic(java.lang.Object, java.lang.Object, java.lang.Object)'> (0x000000072afcbe38) 
thrown [t:\workspace\open\src\hotspot\share\interpreter\linkResolver.cpp, line 766]
Event: 4.489 Thread 0x0000025c195bd3b0 Exception <a 'java/lang/NoSuchMethodError'{0x000000072afcf888}: 'long java.lang.invoke.DirectMethodHandle$Holder.invokeStaticInit(java.lang.Object, java.lang.Object, java.lang.Object)'> (0x000000072afcf888) 
thrown [t:\workspace\open\src\hotspot\share\interpreter\linkResolver.cpp, line 766]
Event: 37.938 Thread 0x0000025c195bd3b0 Exception <a 'java/lang/NoSuchMethodError'{0x000000072a9eae90}: 'java.lang.Object java.lang.invoke.DirectMethodHandle$Holder.invokeSpecial(java.lang.Object, java.lang.Object, long, java.lang.Object, java.lang.Object)'> (0x000000072a9eae90) 
thrown [t:\workspace\open\src\hotspot\share\interpreter\linkResolver.cpp, line 766]

VM Operations (20 events):
Event: 37.906 Executing VM operation: get/set locals done
Event: 45.668 Executing VM operation: get/set locals
Event: 45.668 Executing VM operation: get/set locals done
Event: 45.668 Executing VM operation: get/set locals
Event: 45.669 Executing VM operation: get/set locals done
Event: 45.669 Executing VM operation: get/set locals
Event: 45.669 Executing VM operation: get/set locals done
Event: 45.669 Executing VM operation: get/set locals
Event: 45.669 Executing VM operation: get/set locals done
Event: 160.155 Executing VM operation: ChangeBreakpoints
Event: 160.155 Executing VM operation: ChangeBreakpoints done
Event: 160.156 Executing VM operation: ChangeBreakpoints
Event: 160.164 Executing VM operation: ChangeBreakpoints done
Event: 160.164 Executing VM operation: ChangeBreakpoints
Event: 160.164 Executing VM operation: ChangeBreakpoints done
Event: 160.164 Executing VM operation: ChangeBreakpoints
Event: 160.164 Executing VM operation: ChangeBreakpoints done
Event: 160.166 Executing VM operation: ChangeBreakpoints
Event: 160.166 Executing VM operation: ChangeBreakpoints done
Event: 160.204 Executing VM operation: Exit

Events (20 events):
Event: 26.984 loading class com/sun/javafx/tk/quantum/WindowStage done
Event: 27.288 loading class com/intellij/rt/debugger/BatchEvaluatorServer
Event: 27.288 loading class com/intellij/rt/debugger/BatchEvaluatorServer done
Event: 27.326 loading class java/io/DataOutputStream
Event: 27.327 loading class java/io/DataOutputStream done
Event: 31.984 Thread 0x0000025c2316fbb0 Thread exited: 0x0000025c2316fbb0
Event: 160.155 Thread 0x0000025c178fda10 Thread exited: 0x0000025c178fda10
Event: 160.176 Thread 0x0000025c178fd520 Thread exited: 0x0000025c178fd520
Event: 160.201 loading class jdk/internal/misc/Signal$1
Event: 160.201 loading class jdk/internal/misc/Signal$1 done
Event: 160.202 Thread 0x0000025c19f92150 Thread added: 0x0000025c19f92150
Event: 160.202 Thread 0x0000025c19f92af0 Thread added: 0x0000025c19f92af0
Event: 160.202 Thread 0x0000025c19f92620 Thread added: 0x0000025c19f92620
Event: 160.203 Thread 0x0000025c19f92620 Thread exited: 0x0000025c19f92620
Event: 160.203 loading class com/sun/javafx/tk/quantum/QuantumRenderer
Event: 160.203 loading class com/sun/javafx/tk/quantum/QuantumRenderer done
Event: 160.204 loading class com/sun/javafx/tk/quantum/QuantumToolkit
Event: 160.204 loading class com/sun/javafx/tk/quantum/QuantumToolkit done
Event: 160.204 Thread 0x0000025c19f92af0 Thread exited: 0x0000025c19f92af0
Event: 160.204 Thread 0x0000025c16c5fd70 Thread exited: 0x0000025c16c5fd70


Dynamic libraries:
0x00007ff6273f0000 - 0x00007ff627400000 	D:\Program Files\Java\jdk-17.0.1\bin\java.exe
0x00007ff905fb0000 - 0x00007ff9061a5000 	C:\WINDOWS\SYSTEM32\ntdll.dll
0x00007ff904b80000 - 0x00007ff904c3e000 	C:\WINDOWS\System32\KERNEL32.DLL
0x00007ff903a40000 - 0x00007ff903d08000 	C:\WINDOWS\System32\KERNELBASE.dll
0x00007ff9037b0000 - 0x00007ff9038b0000 	C:\WINDOWS\System32\ucrtbase.dll
0x00007ff8e13b0000 - 0x00007ff8e13c8000 	D:\Program Files\Java\jdk-17.0.1\bin\jli.dll
0x00007ff8e1390000 - 0x00007ff8e13aa000 	D:\Program Files\Java\jdk-17.0.1\bin\VCRUNTIME140.dll
0x00007ff904810000 - 0x00007ff9048bc000 	C:\WINDOWS\System32\ADVAPI32.dll
0x00007ff904410000 - 0x00007ff9044ae000 	C:\WINDOWS\System32\msvcrt.dll
0x00007ff905540000 - 0x00007ff9055db000 	C:\WINDOWS\System32\sechost.dll
0x00007ff905e40000 - 0x00007ff905f6a000 	C:\WINDOWS\System32\RPCRT4.dll
0x00007ff904c40000 - 0x00007ff904de1000 	C:\WINDOWS\System32\USER32.dll
0x00007ff8ecf60000 - 0x00007ff8ed1fa000 	C:\WINDOWS\WinSxS\amd64_microsoft.windows.common-controls_6595b64144ccf1df_6.0.19041.1110_none_60b5254171f9507e\COMCTL32.dll
0x00007ff903eb0000 - 0x00007ff903ed2000 	C:\WINDOWS\System32\win32u.dll
0x00007ff904930000 - 0x00007ff90495b000 	C:\WINDOWS\System32\GDI32.dll
0x00007ff903ee0000 - 0x00007ff903fed000 	C:\WINDOWS\System32\gdi32full.dll
0x00007ff903710000 - 0x00007ff9037ad000 	C:\WINDOWS\System32\msvcp_win.dll
0x00007ff8f8790000 - 0x00007ff8f879a000 	C:\WINDOWS\SYSTEM32\VERSION.dll
0x00007ff904af0000 - 0x00007ff904b20000 	C:\WINDOWS\System32\IMM32.DLL
0x00007ff900660000 - 0x00007ff90066c000 	D:\Program Files\Java\jdk-17.0.1\bin\vcruntime140_1.dll
0x00007ff8e1300000 - 0x00007ff8e138d000 	D:\Program Files\Java\jdk-17.0.1\bin\msvcp140.dll
0x00007ff89f180000 - 0x00007ff89fd3e000 	D:\Program Files\Java\jdk-17.0.1\bin\server\jvm.dll
0x00007ff905800000 - 0x00007ff905808000 	C:\WINDOWS\System32\PSAPI.DLL
0x00007ff8e4b20000 - 0x00007ff8e4b29000 	C:\WINDOWS\SYSTEM32\WSOCK32.dll
0x00007ff8f8480000 - 0x00007ff8f84a7000 	C:\WINDOWS\SYSTEM32\WINMM.dll
0x00007ff9048c0000 - 0x00007ff90492b000 	C:\WINDOWS\System32\WS2_32.dll
0x00007ff901f30000 - 0x00007ff901f42000 	C:\WINDOWS\SYSTEM32\kernel.appcore.dll
0x00007ff8fd1f0000 - 0x00007ff8fd1fa000 	D:\Program Files\Java\jdk-17.0.1\bin\jimage.dll
0x00007ff901b90000 - 0x00007ff901d74000 	C:\WINDOWS\SYSTEM32\DBGHELP.DLL
0x00007ff8f0a90000 - 0x00007ff8f0abc000 	C:\WINDOWS\SYSTEM32\dbgcore.DLL
0x00007ff903d10000 - 0x00007ff903d92000 	C:\WINDOWS\System32\bcryptPrimitives.dll
0x00007ff8d3280000 - 0x00007ff8d32bb000 	D:\Program Files\Java\jdk-17.0.1\bin\jdwp.dll
0x00007ff8dd8c0000 - 0x00007ff8dd8ce000 	D:\Program Files\Java\jdk-17.0.1\bin\instrument.dll
0x00007ff8e12d0000 - 0x00007ff8e12f5000 	D:\Program Files\Java\jdk-17.0.1\bin\java.dll
0x00007ff8cb6d0000 - 0x00007ff8cb7a6000 	D:\Program Files\Java\jdk-17.0.1\bin\svml.dll
0x00007ff904df0000 - 0x00007ff905534000 	C:\WINDOWS\System32\SHELL32.dll
0x00007ff901330000 - 0x00007ff901ac4000 	C:\WINDOWS\SYSTEM32\windows.storage.dll
0x00007ff903ff0000 - 0x00007ff904345000 	C:\WINDOWS\System32\combase.dll
0x00007ff902f60000 - 0x00007ff902f8e000 	C:\WINDOWS\SYSTEM32\Wldp.dll
0x00007ff904960000 - 0x00007ff904a0d000 	C:\WINDOWS\System32\SHCORE.dll
0x00007ff904b20000 - 0x00007ff904b75000 	C:\WINDOWS\System32\shlwapi.dll
0x00007ff903600000 - 0x00007ff90361f000 	C:\WINDOWS\SYSTEM32\profapi.dll
0x00007ff8e12b0000 - 0x00007ff8e12c9000 	D:\Program Files\Java\jdk-17.0.1\bin\net.dll
0x00007ff8fe160000 - 0x00007ff8fe26c000 	C:\WINDOWS\SYSTEM32\WINHTTP.dll
0x00007ff902d40000 - 0x00007ff902daa000 	C:\WINDOWS\system32\mswsock.dll
0x00007ff8d4880000 - 0x00007ff8d4895000 	D:\Program Files\Java\jdk-17.0.1\bin\nio.dll
0x00007ff8d41c0000 - 0x00007ff8d41d8000 	D:\Program Files\Java\jdk-17.0.1\bin\zip.dll
0x00007ff8d3320000 - 0x00007ff8d332c000 	D:\Program Files\Java\jdk-17.0.1\bin\dt_socket.dll
0x00007ff902a50000 - 0x00007ff902a8b000 	C:\WINDOWS\SYSTEM32\IPHLPAPI.DLL
0x00007ff8f0800000 - 0x00007ff8f0810000 	D:\Program Files\Java\jdk-17.0.1\bin\verify.dll
0x0000025c16ec0000 - 0x0000025c16ec3000 	C:\Users\Neji\.openjfx\cache\17.0.0.1\api-ms-win-core-console-l1-1-0.dll
0x0000025c16ed0000 - 0x0000025c16ed3000 	C:\Users\Neji\.openjfx\cache\17.0.0.1\api-ms-win-core-console-l1-2-0.dll
0x0000025c16ee0000 - 0x0000025c16ee3000 	C:\Users\Neji\.openjfx\cache\17.0.0.1\api-ms-win-core-datetime-l1-1-0.dll
0x0000025c16ef0000 - 0x0000025c16ef3000 	C:\Users\Neji\.openjfx\cache\17.0.0.1\api-ms-win-core-debug-l1-1-0.dll
0x0000025c16f00000 - 0x0000025c16f03000 	C:\Users\Neji\.openjfx\cache\17.0.0.1\api-ms-win-core-errorhandling-l1-1-0.dll
0x0000025c16f10000 - 0x0000025c16f14000 	C:\Users\Neji\.openjfx\cache\17.0.0.1\api-ms-win-core-file-l1-1-0.dll
0x0000025c16f20000 - 0x0000025c16f23000 	C:\Users\Neji\.openjfx\cache\17.0.0.1\api-ms-win-core-file-l1-2-0.dll
0x0000025c16f30000 - 0x0000025c16f33000 	C:\Users\Neji\.openjfx\cache\17.0.0.1\api-ms-win-core-file-l2-1-0.dll
0x0000025c16f40000 - 0x0000025c16f43000 	C:\Users\Neji\.openjfx\cache\17.0.0.1\api-ms-win-core-handle-l1-1-0.dll
0x0000025c16f50000 - 0x0000025c16f53000 	C:\Users\Neji\.openjfx\cache\17.0.0.1\api-ms-win-core-heap-l1-1-0.dll
0x0000025c16f60000 - 0x0000025c16f63000 	C:\Users\Neji\.openjfx\cache\17.0.0.1\api-ms-win-core-interlocked-l1-1-0.dll
0x0000025c16f70000 - 0x0000025c16f73000 	C:\Users\Neji\.openjfx\cache\17.0.0.1\api-ms-win-core-libraryloader-l1-1-0.dll
0x0000025c16f80000 - 0x0000025c16f83000 	C:\Users\Neji\.openjfx\cache\17.0.0.1\api-ms-win-core-localization-l1-2-0.dll
0x0000025c16f90000 - 0x0000025c16f93000 	C:\Users\Neji\.openjfx\cache\17.0.0.1\api-ms-win-core-memory-l1-1-0.dll
0x0000025c16fa0000 - 0x0000025c16fa3000 	C:\Users\Neji\.openjfx\cache\17.0.0.1\api-ms-win-core-namedpipe-l1-1-0.dll
0x0000025c16fb0000 - 0x0000025c16fb3000 	C:\Users\Neji\.openjfx\cache\17.0.0.1\api-ms-win-core-processenvironment-l1-1-0.dll
0x0000025c16fc0000 - 0x0000025c16fc3000 	C:\Users\Neji\.openjfx\cache\17.0.0.1\api-ms-win-core-processthreads-l1-1-0.dll
0x0000025c16fd0000 - 0x0000025c16fd3000 	C:\Users\Neji\.openjfx\cache\17.0.0.1\api-ms-win-core-processthreads-l1-1-1.dll
0x0000025c16fe0000 - 0x0000025c16fe3000 	C:\Users\Neji\.openjfx\cache\17.0.0.1\api-ms-win-core-profile-l1-1-0.dll
0x0000025c16ff0000 - 0x0000025c16ff3000 	C:\Users\Neji\.openjfx\cache\17.0.0.1\api-ms-win-core-rtlsupport-l1-1-0.dll
0x0000025c1a3a0000 - 0x0000025c1a3a3000 	C:\Users\Neji\.openjfx\cache\17.0.0.1\api-ms-win-core-string-l1-1-0.dll
0x0000025c1a3b0000 - 0x0000025c1a3b3000 	C:\Users\Neji\.openjfx\cache\17.0.0.1\api-ms-win-core-synch-l1-1-0.dll
0x0000025c1a3c0000 - 0x0000025c1a3c3000 	C:\Users\Neji\.openjfx\cache\17.0.0.1\api-ms-win-core-synch-l1-2-0.dll
0x0000025c1a3d0000 - 0x0000025c1a3d3000 	C:\Users\Neji\.openjfx\cache\17.0.0.1\api-ms-win-core-sysinfo-l1-1-0.dll
0x0000025c1a3e0000 - 0x0000025c1a3e3000 	C:\Users\Neji\.openjfx\cache\17.0.0.1\api-ms-win-core-timezone-l1-1-0.dll
0x0000025c1a3f0000 - 0x0000025c1a3f3000 	C:\Users\Neji\.openjfx\cache\17.0.0.1\api-ms-win-core-util-l1-1-0.dll
0x0000025c1a400000 - 0x0000025c1a403000 	C:\Users\Neji\.openjfx\cache\17.0.0.1\api-ms-win-crt-conio-l1-1-0.dll
0x0000025c1a410000 - 0x0000025c1a414000 	C:\Users\Neji\.openjfx\cache\17.0.0.1\api-ms-win-crt-convert-l1-1-0.dll
0x0000025c1a420000 - 0x0000025c1a423000 	C:\Users\Neji\.openjfx\cache\17.0.0.1\api-ms-win-crt-environment-l1-1-0.dll
0x0000025c1a430000 - 0x0000025c1a433000 	C:\Users\Neji\.openjfx\cache\17.0.0.1\api-ms-win-crt-filesystem-l1-1-0.dll
0x0000025c1a440000 - 0x0000025c1a443000 	C:\Users\Neji\.openjfx\cache\17.0.0.1\api-ms-win-crt-heap-l1-1-0.dll
0x0000025c1a450000 - 0x0000025c1a453000 	C:\Users\Neji\.openjfx\cache\17.0.0.1\api-ms-win-crt-locale-l1-1-0.dll
0x0000025c1a460000 - 0x0000025c1a465000 	C:\Users\Neji\.openjfx\cache\17.0.0.1\api-ms-win-crt-math-l1-1-0.dll
0x0000025c1a470000 - 0x0000025c1a475000 	C:\Users\Neji\.openjfx\cache\17.0.0.1\api-ms-win-crt-multibyte-l1-1-0.dll
0x0000025c1a480000 - 0x0000025c1a490000 	C:\Users\Neji\.openjfx\cache\17.0.0.1\api-ms-win-crt-private-l1-1-0.dll
0x0000025c1a490000 - 0x0000025c1a493000 	C:\Users\Neji\.openjfx\cache\17.0.0.1\api-ms-win-crt-process-l1-1-0.dll
0x0000025c1a4a0000 - 0x0000025c1a4a4000 	C:\Users\Neji\.openjfx\cache\17.0.0.1\api-ms-win-crt-runtime-l1-1-0.dll
0x0000025c1a4b0000 - 0x0000025c1a4b4000 	C:\Users\Neji\.openjfx\cache\17.0.0.1\api-ms-win-crt-stdio-l1-1-0.dll
0x0000025c1a4c0000 - 0x0000025c1a4c4000 	C:\Users\Neji\.openjfx\cache\17.0.0.1\api-ms-win-crt-string-l1-1-0.dll
0x0000025c1a4d0000 - 0x0000025c1a4d3000 	C:\Users\Neji\.openjfx\cache\17.0.0.1\api-ms-win-crt-time-l1-1-0.dll
0x0000025c1a4e0000 - 0x0000025c1a4e3000 	C:\Users\Neji\.openjfx\cache\17.0.0.1\api-ms-win-crt-utility-l1-1-0.dll
0x00007ff8c69b0000 - 0x00007ff8c6aac000 	C:\Users\Neji\.openjfx\cache\17.0.0.1\ucrtbase.dll
0x00007ff8d31d0000 - 0x00007ff8d31ea000 	C:\Users\Neji\.openjfx\cache\17.0.0.1\vcruntime140.dll
0x00007ff8d3270000 - 0x00007ff8d327c000 	C:\Users\Neji\.openjfx\cache\17.0.0.1\vcruntime140_1.dll
0x00007ff8c4000000 - 0x00007ff8c408d000 	C:\Users\Neji\.openjfx\cache\17.0.0.1\msvcp140.dll
0x00007ff8d2cd0000 - 0x00007ff8d2cfa000 	C:\Users\Neji\.openjfx\cache\17.0.0.1\prism_d3d.dll
0x00007ff8f10a0000 - 0x00007ff8f1270000 	C:\WINDOWS\system32\d3d9.dll
0x00007ff900d00000 - 0x00007ff900d2f000 	C:\WINDOWS\SYSTEM32\dwmapi.dll
0x00007ff900920000 - 0x00007ff9009be000 	C:\WINDOWS\system32\uxtheme.dll
0x00007ff8f8530000 - 0x00007ff8f870b000 	C:\WINDOWS\System32\DriverStore\FileRepository\u0362995.inf_amd64_e3f44311ed9ca7e7\B363211\aticfx64.dll
0x00007ff8dd8f0000 - 0x00007ff8dd923000 	C:\WINDOWS\System32\DriverStore\FileRepository\u0362995.inf_amd64_e3f44311ed9ca7e7\B363211\atiu9p64.dll
0x00007ff89fd40000 - 0x00007ff8a0a4c000 	C:\WINDOWS\System32\DriverStore\FileRepository\u0362995.inf_amd64_e3f44311ed9ca7e7\B363211\atiumd64.dll
0x00007ff9046e0000 - 0x00007ff90480a000 	C:\WINDOWS\System32\ole32.dll
0x0000000076650000 - 0x000000007750e000 	C:\WINDOWS\System32\DriverStore\FileRepository\u0362995.inf_amd64_e3f44311ed9ca7e7\B363211\atiumd6a.dll
0x00007ff903a10000 - 0x00007ff903a37000 	C:\WINDOWS\System32\bcrypt.dll
0x00007ff903530000 - 0x00007ff90357b000 	C:\WINDOWS\SYSTEM32\POWRPROF.dll
0x00007ff903510000 - 0x00007ff903522000 	C:\WINDOWS\SYSTEM32\UMPDC.dll
0x00007ff8f8410000 - 0x00007ff8f843f000 	C:\WINDOWS\SYSTEM32\amdihk64.dll
0x00007ff8d29c0000 - 0x00007ff8d2a02000 	C:\Users\Neji\.openjfx\cache\17.0.0.1\glass.dll
0x00007ff904510000 - 0x00007ff9045ea000 	C:\WINDOWS\System32\COMDLG32.dll
0x00007ff904a20000 - 0x00007ff904aed000 	C:\WINDOWS\System32\OLEAUT32.dll
0x00007ff9056c0000 - 0x00007ff9057d5000 	C:\WINDOWS\System32\MSCTF.dll
0x00007ff8fdbb0000 - 0x00007ff8fdbeb000 	C:\WINDOWS\SYSTEM32\dxcore.dll
0x00007ff9036c0000 - 0x00007ff90370e000 	C:\WINDOWS\System32\cfgmgr32.dll
0x00007ff8d29a0000 - 0x00007ff8d29b4000 	C:\Users\Neji\.openjfx\cache\17.0.0.1\javafx_font.dll
0x00007ff8ee6e0000 - 0x00007ff8ee963000 	C:\WINDOWS\SYSTEM32\dwrite.dll
0x00007ff902fa0000 - 0x00007ff902fb8000 	C:\WINDOWS\SYSTEM32\CRYPTSP.dll
0x00007ff9026e0000 - 0x00007ff902714000 	C:\WINDOWS\system32\rsaenh.dll
0x00007ff9035c0000 - 0x00007ff9035ee000 	C:\WINDOWS\SYSTEM32\USERENV.dll
0x00007ff902ed0000 - 0x00007ff902edc000 	C:\WINDOWS\SYSTEM32\CRYPTBASE.dll
0x00007ff904350000 - 0x00007ff904358000 	C:\WINDOWS\System32\NSI.dll
0x00007ff8fbb50000 - 0x00007ff8fbb67000 	C:\WINDOWS\SYSTEM32\dhcpcsvc6.DLL
0x00007ff8fbb30000 - 0x00007ff8fbb4d000 	C:\WINDOWS\SYSTEM32\dhcpcsvc.DLL
0x00007ff902a90000 - 0x00007ff902b5b000 	C:\WINDOWS\SYSTEM32\DNSAPI.dll
0x00007ff8e0440000 - 0x00007ff8e0457000 	C:\WINDOWS\system32\napinsp.dll
0x00007ff8e0420000 - 0x00007ff8e043b000 	C:\WINDOWS\system32\pnrpnsp.dll
0x00007ff8e0400000 - 0x00007ff8e0415000 	C:\WINDOWS\system32\wshbth.dll
0x00007ff8fe7e0000 - 0x00007ff8fe7fd000 	C:\WINDOWS\system32\NLAapi.dll

dbghelp: loaded successfully - version: 4.0.5 - missing functions: none
symbol engine: initialized successfully - sym options: 0x614 - pdb path: .;D:\Program Files\Java\jdk-17.0.1\bin;C:\WINDOWS\SYSTEM32;C:\WINDOWS\WinSxS\amd64_microsoft.windows.common-controls_6595b64144ccf1df_6.0.19041.1110_none_60b5254171f9507e;D:\Program Files\Java\jdk-17.0.1\bin\server;C:\Users\Neji\.openjfx\cache\17.0.0.1;C:\WINDOWS\System32\DriverStore\FileRepository\u0362995.inf_amd64_e3f44311ed9ca7e7\B363211;C:\Program Files\Common Files\Microsoft Shared\Ink

VM Arguments:
jvm_args: -agentlib:jdwp=transport=dt_socket,address=127.0.0.1:62291,suspend=y,server=n -javaagent:C:\Users\Neji\AppData\Local\JetBrains\IntelliJIdea2021.2\captureAgent\debugger-agent.jar -Dfile.encoding=UTF-8 --module-path=C:\Users\Neji\.m2\repository\org\kordamp\ikonli\ikonli-javafx\12.2.0\ikonli-javafx-12.2.0.jar;C:\Users\Neji\.m2\repository\org\openjfx\javafx-graphics\17.0.0.1\javafx-graphics-17.0.0.1-win.jar;C:\Users\Neji\.m2\repository\org\kordamp\ikonli\ikonli-core\12.2.0\ikonli-core-12.2.0.jar;C:\Users\Neji\.m2\repository\org\openjfx\javafx-media\17.0.0.1\javafx-media-17.0.0.1-win.jar;C:\Users\Neji\.m2\repository\org\hibernate\hibernate-core\5.6.1.Final\hibernate-core-5.6.1.Final.jar;C:\Users\Neji\.m2\repository\org\controlsfx\controlsfx\11.1.0\controlsfx-11.1.0.jar;C:\Users\Neji\.m2\repository\com\dlsc\formsfx\formsfx-core\11.3.2\formsfx-core-11.3.2.jar;C:\Users\Neji\.m2\repository\org\openjfx\javafx-controls\17.0.0.1\javafx-controls-17.0.0.1-win.jar;C:\Users\Neji\.m2\repository\javax\persistence\javax.persistence-api\2.2\javax.persistence-api-2.2.jar;C:\Users\Neji\.m2\repository\org\openjfx\javafx-web\17.0.0.1\javafx-web-17.0.0.1-win.jar;C:\Users\Neji\.m2\repository\org\openjfx\javafx-base\17.0.0.1\javafx-base-17.0.0.1-win.jar;C:\Users\Neji\.m2\repository\net\synedra\validatorfx\0.1.13\validatorfx-0.1.13.jar;E:\Projects\UNI\semester V\Java_Project\Project_Files\Warehouse_Project\target\classes;C:\Users\Neji\.m2\repository\log4j\log4j\1.2.17\log4j-1.2.17.jar;C:\Users\Neji\.m2\repository\org\openjfx\javafx-fxml\17.0.0.1\javafx-fxml-17.0.0.1-win.jar;C:\Users\Neji\.m2\repository\eu\hansolo\tilesfx\11.48\tilesfx-11.48.jar;C:\Users\Neji\.m2\repository\org\kordamp\bootstrapfx\bootstrapfx-core\0.4.0\bootstrapfx-core-0.4.0.jar -Djdk.module.main=bg.tu_varna.sit.group19.warehouse_project 
java_command: bg.tu_varna.sit.group19.warehouse_project/bg.tu_varna.sit.group19.warehouse_project.application.MainApplication
java_class_path (initial): C:\Users\Neji\.m2\repository\org\openjfx\javafx-controls\17.0.0.1\javafx-controls-17.0.0.1.jar;C:\Users\Neji\.m2\repository\org\openjfx\javafx-graphics\17.0.0.1\javafx-graphics-17.0.0.1.jar;C:\Users\Neji\.m2\repository\org\openjfx\javafx-base\17.0.0.1\javafx-base-17.0.0.1.jar;C:\Users\Neji\.m2\repository\org\openjfx\javafx-fxml\17.0.0.1\javafx-fxml-17.0.0.1.jar;C:\Users\Neji\.m2\repository\org\openjfx\javafx-web\17.0.0.1\javafx-web-17.0.0.1.jar;C:\Users\Neji\.m2\repository\org\openjfx\javafx-media\17.0.0.1\javafx-media-17.0.0.1.jar;C:\Users\Neji\.m2\repository\org\jboss\logging\jboss-logging\3.4.2.Final\jboss-logging-3.4.2.Final.jar;C:\Users\Neji\.m2\repository\net\bytebuddy\byte-buddy\1.11.20\byte-buddy-1.11.20.jar;C:\Users\Neji\.m2\repository\antlr\antlr\2.7.7\antlr-2.7.7.jar;C:\Users\Neji\.m2\repository\org\jboss\spec\javax\transaction\jboss-transaction-api_1.2_spec\1.1.1.Final\jboss-transaction-api_1.2_spec-1.1.1.Final.jar;C:\Users\Neji\.m2\repository\org\jboss\jandex\2.2.3.Final\jandex-2.2.3.Final.jar;C:\Users\Neji\.m2\repository\com\fasterxml\classmate\1.5.1\classmate-1.5.1.jar;C:\Users\Neji\.m2\repository\javax\activation\javax.activation-api\1.2.0\javax.activation-api-1.2.0.jar;C:\Users\Neji\.m2\repository\org\hibernate\common\hibernate-commons-annotations\5.1.2.Final\hibernate-commons-annotations-5.1.2.Final.jar;C:\Users\Neji\.m2\repository\javax\xml\bind\jaxb-api\2.3.1\jaxb-api-2.3.1.jar;C:\Users\Neji\.m2\repository\org\glassfish\jaxb\jaxb-runtime\2.3.1\jaxb-runtime-2.3.1.jar;C:\Users\Neji\.m2\repository\org\glassfish\jaxb\txw2\2.3.1\txw2-2.3.1.jar;C:\Users\Neji\.m2\repository\com\sun\istack\istack-commons-runtime\3.0.7\istack-commons-runtime-3.0.7.jar;C:\Users\Neji\.m2\repository\org\jvnet\staxex\stax-ex\1.8\stax-ex-1.8.jar;C:\Users\Neji\.m2\repository\com\sun\xml\fastinfoset\FastInfoset\1.2.15\FastInfoset-1.2.15.jar;C:\Users\Neji\.m2\repository\com\microsoft\sqlserver\mssql-jdbc\9.4.0.jre16\mssql-jdbc-9.4.0.jre16.jar;D:\Progr
Launcher Type: SUN_STANDARD

[Global flags]
     intx CICompilerCount                          = 12                                        {product} {ergonomic}
     uint ConcGCThreads                            = 3                                         {product} {ergonomic}
     uint G1ConcRefinementThreads                  = 13                                        {product} {ergonomic}
   size_t G1HeapRegionSize                         = 2097152                                   {product} {ergonomic}
    uintx GCDrainStackTargetSize                   = 64                                        {product} {ergonomic}
   size_t InitialHeapSize                          = 232783872                                 {product} {ergonomic}
   size_t MarkStackSize                            = 4194304                                   {product} {ergonomic}
   size_t MaxHeapSize                              = 3724541952                                {product} {ergonomic}
   size_t MaxNewSize                               = 2233466880                                {product} {ergonomic}
   size_t MinHeapDeltaBytes                        = 2097152                                   {product} {ergonomic}
   size_t MinHeapSize                              = 8388608                                   {product} {ergonomic}
    uintx NonNMethodCodeHeapSize                   = 7602480                                {pd product} {ergonomic}
    uintx NonProfiledCodeHeapSize                  = 122027880                              {pd product} {ergonomic}
    uintx ProfiledCodeHeapSize                     = 122027880                              {pd product} {ergonomic}
    uintx ReservedCodeCacheSize                    = 251658240                              {pd product} {ergonomic}
     bool SegmentedCodeCache                       = true                                      {product} {ergonomic}
   size_t SoftMaxHeapSize                          = 3724541952                             {manageable} {ergonomic}
     bool UseCompressedClassPointers               = true                           {product lp64_product} {ergonomic}
     bool UseCompressedOops                        = true                           {product lp64_product} {ergonomic}
     bool UseG1GC                                  = true                                      {product} {ergonomic}
     bool UseLargePagesIndividualAllocation        = false                                  {pd product} {ergonomic}

Logging:
Log output configuration:
 #0: stdout all=off uptime,level,tags
 #1: stderr all=off uptime,level,tags

Environment Variables:
JAVA_HOME=D:\Program Files\Java\jdk-17.0.1
PATH=D:\oraclexe\app\oracle\product\11.2.0\server\bin;;C:\Program Files\Common Files\Oracle\Java\javapath;C:\Windows\system32;C:\Windows;C:\Windows\System32\Wbem;C:\Windows\System32\WindowsPowerShell\v1.0\;C:\Windows\System32\OpenSSH\;C:\Program Files (x86)\NVIDIA Corporation\PhysX\Common;C:\Program Files\NVIDIA Corporation\NVIDIA NvDLISR;C:\Program Files\dotnet\;C:\Program Files\Microsoft SQL Server\130\Tools\Binn\;C:\Program Files\Microsoft SQL Server\Client SDK\ODBC\170\Tools\Binn\;C:\WINDOWS\system32;C:\WINDOWS;C:\WINDOWS\System32\Wbem;C:\WINDOWS\System32\WindowsPowerShell\v1.0\;C:\WINDOWS\System32\OpenSSH\;D:\Program Files\Python\Python39;C:\Program Files\Git\cmd;C:\Program Files (x86)\Microsoft SQL Server\150\Tools\Binn\;C:\Program Files\Microsoft SQL Server\150\Tools\Binn\;C:\Program Files\Microsoft SQL Server\150\DTS\Binn\;C:\Program Files (x86)\Microsoft SQL Server\150\DTS\Binn\;C:\Program Files\Azure Data Studio\bin;D:\Program Files\PuTTY\;C:\Users\Neji\AppData\Local\Microsoft\WindowsApps;C:\Users\Neji\.dotnet\tools;D:\Program Files\Microsoft VS Code\bin;C:\Program Files\Azure Data Studio\bin;D:\Program Files\msys64\mingw64\bin;D:\Program Files\IntelliJ IDEA Community Edition 2021.2.2\bin;;C:\Users\Neji\AppData\Local\GitHubDesktop\bin
USERNAME=Neji
OS=Windows_NT
PROCESSOR_IDENTIFIER=AMD64 Family 25 Model 80 Stepping 0, AuthenticAMD



---------------  S Y S T E M  ---------------

OS:
 Windows 10 , 64 bit Build 19041 (10.0.19041.1348)
OS uptime: 0 days 1:45 hours
Hyper-V role detected

CPU: total 16 (initial active 16) (16 cores per cpu, 2 threads per core) family 25 model 80 stepping 0 microcode 0x0, cx8, cmov, fxsr, ht, mmx, 3dnowpref, sse, sse2, sse3, ssse3, sse4a, sse4.1, sse4.2, popcnt, lzcnt, tsc, tscinvbit, avx, avx2, aes, erms, clmul, bmi1, bmi2, adx, sha, fma, vzeroupper, clflush, clflushopt, hv

Memory: 4k page, system-wide physical 14204M (4782M free)
TotalPageFile size 23420M (AvailPageFile size 9285M)
current process WorkingSet (physical memory assigned to process): 209M, peak: 255M
current process commit charge ("private bytes"): 399M, peak: 445M

vm_info: Java HotSpot(TM) 64-Bit Server VM (17.0.1+12-LTS-39) for windows-amd64 JRE (17.0.1+12-LTS-39), built on Sep 27 2021 18:41:35 by "mach5one" with MS VC++ 16.8 (VS2019)

END.
