#
# A fatal error has been detected by the Java Runtime Environment:
#
#  EXCEPTION_ACCESS_VIOLATION (0xc0000005) at pc=0x00007ffab8f76a87, pid=14892, tid=8744
#
# JRE version: OpenJDK Runtime Environment Zulu17.30+15-CA (17.0.1+12) (build 17.0.1+12-LTS)
# Java VM: OpenJDK 64-Bit Server VM Zulu17.30+15-CA (17.0.1+12-LTS, mixed mode, sharing, tiered, compressed oops, compressed class ptrs, g1 gc, windows-amd64)
# Problematic frame:
# C  [glass.dll+0x26a87]
#
# No core dump will be written. Minidumps are not enabled by default on client versions of Windows
#
# If you would like to submit a bug report, please visit:
#   http://www.azul.com/support/
#

---------------  S U M M A R Y ------------

Command Line: -agentlib:jdwp=transport=dt_socket,address=127.0.0.1:59617,suspend=y,server=n -javaagent:C:\Users\Radi_boy112\AppData\Local\JetBrains\IntelliJIdea2021.2\captureAgent\debugger-agent.jar -Dfile.encoding=UTF-8 --module-path=C:\Users\Radi_boy112\Documents\GitHub\Java-Project-Warehouse\Warehouse_Project\target\classes;C:\Users\Radi_boy112\.m2\repository\org\openjfx\javafx-graphics\17.0.0.1\javafx-graphics-17.0.0.1-win.jar;C:\Users\Radi_boy112\.m2\repository\org\controlsfx\controlsfx\11.1.0\controlsfx-11.1.0.jar;C:\Users\Radi_boy112\.m2\repository\eu\hansolo\tilesfx\11.48\tilesfx-11.48.jar;C:\Users\Radi_boy112\.m2\repository\net\synedra\validatorfx\0.1.13\validatorfx-0.1.13.jar;C:\Users\Radi_boy112\.m2\repository\org\openjfx\javafx-web\17.0.0.1\javafx-web-17.0.0.1-win.jar;C:\Users\Radi_boy112\.m2\repository\org\openjfx\javafx-fxml\17.0.0.1\javafx-fxml-17.0.0.1-win.jar;C:\Users\Radi_boy112\.m2\repository\org\openjfx\javafx-base\17.0.0.1\javafx-base-17.0.0.1-win.jar;C:\Users\Radi_boy112\.m2\repository\org\kordamp\bootstrapfx\bootstrapfx-core\0.4.0\bootstrapfx-core-0.4.0.jar;C:\Users\Radi_boy112\.m2\repository\com\dlsc\formsfx\formsfx-core\11.3.2\formsfx-core-11.3.2.jar;C:\Users\Radi_boy112\.m2\repository\org\openjfx\javafx-controls\17.0.0.1\javafx-controls-17.0.0.1-win.jar;C:\Users\Radi_boy112\.m2\repository\javax\persistence\javax.persistence-api\2.2\javax.persistence-api-2.2.jar;C:\Users\Radi_boy112\.m2\repository\org\kordamp\ikonli\ikonli-javafx\12.2.0\ikonli-javafx-12.2.0.jar;C:\Users\Radi_boy112\.m2\repository\log4j\log4j\1.2.17\log4j-1.2.17.jar;C:\Users\Radi_boy112\.m2\repository\org\kordamp\ikonli\ikonli-core\12.2.0\ikonli-core-12.2.0.jar;C:\Users\Radi_boy112\.m2\repository\org\openjfx\javafx-media\17.0.0.1\javafx-media-17.0.0.1-win.jar;C:\Users\Radi_boy112\.m2\repository\org\hibernate\hibernate-core\5.6.1.Final\hibernate-core-5.6.1.Final.jar -Djdk.module.main=bg.tu_varna.sit.group19.warehouse_project bg.tu_varna.sit.group19.warehouse_project/bg.tu_varna.sit.group19.warehouse_project.application.MainApplication

Host: Intel(R) Core(TM) i5-7200U CPU @ 2.50GHz, 4 cores, 7G,  Windows 10 , 64 bit Build 19041 (10.0.19041.1348)
Time: Thu Dec  2 19:37:32 2021 FLE Standard Time elapsed time: 78.420594 seconds (0d 0h 1m 18s)

---------------  T H R E A D  ---------------

Current thread (0x0000020521494ca0):  VMThread "VM Thread" [stack: 0x00000053aaf00000,0x00000053ab000000] [id=8744]

Stack: [0x00000053aaf00000,0x00000053ab000000],  sp=0x00000053aaffef90,  free space=1019k
Native frames: (J=compiled Java code, j=interpreted, Vv=VM code, C=native code)
C  [glass.dll+0x26a87]


siginfo: EXCEPTION_ACCESS_VIOLATION (0xc0000005), reading address 0x0000000000000000


Register to memory mapping:

RIP=0x00007ffab8f76a87 glass.dll
RAX=0x0 is NULL
RBX=0x00000205214a1a38 is a global jni handle
RCX=0x0000020521494ca0 points into unknown readable memory: 0x00007ffa812ac760 | 60 c7 2a 81 fa 7f 00 00
RDX=0x00000053aaffef90 points into unknown readable memory: 0x0000000000000000 | 00 00 00 00 00 00 00 00
RSP=0x00000053aaffef90 points into unknown readable memory: 0x0000000000000000 | 00 00 00 00 00 00 00 00
RBP=0x0000020522bfab68 points into unknown readable memory: 0x0000a3bc46ad8697 | 97 86 ad 46 bc a3 00 00
RSI=0x0000020522bfab40 points into unknown readable memory: 0xfd5cd82370ad86a8 | a8 86 ad 70 23 d8 5c fd
RDI=0x0000a3bc46ad8697 is an unknown value
R8 =0x0000000000010002 is an unknown value
R9 =0x0000a3bc46ad8697 is an unknown value
R10=0x0000000000008000 is an unknown value
R11=0x00000053aaffef20 points into unknown readable memory: 0x0000020522bfab40 | 40 ab bf 22 05 02 00 00
R12=0x00007ffab8f74354 glass.dll
R13=0x00007ffa81465140 jvm.dll
R14=0x00000053aafff088 points into unknown readable memory: 0x00000053aafff070 | 70 f0 ff aa 53 00 00 00
R15=0x0000020522bfab40 points into unknown readable memory: 0xfd5cd82370ad86a8 | a8 86 ad 70 23 d8 5c fd


Registers:
RAX=0x0000000000000000, RBX=0x00000205214a1a38, RCX=0x0000020521494ca0, RDX=0x00000053aaffef90
RSP=0x00000053aaffef90, RBP=0x0000020522bfab68, RSI=0x0000020522bfab40, RDI=0x0000a3bc46ad8697
R8 =0x0000000000010002, R9 =0x0000a3bc46ad8697, R10=0x0000000000008000, R11=0x00000053aaffef20
R12=0x00007ffab8f74354, R13=0x00007ffa81465140, R14=0x00000053aafff088, R15=0x0000020522bfab40
RIP=0x00007ffab8f76a87, EFLAGS=0x0000000000010206

Top of Stack: (sp=0x00000053aaffef90)
0x00000053aaffef90:   0000000000000000 0000020522bfab40
0x00000053aaffefa0:   00007ffa81465140 00007ffab8f74354
0x00000053aaffefb0:   0000020522bfab48 00007ffafe6d42d6
0x00000053aaffefc0:   0000a3bc46ad8697 0000020500000000
0x00000053aaffefd0:   0000020522bfab68 0000020522bfab40
0x00000053aaffefe0:   fffffffffffffffe 0000000000000000
0x00000053aaffeff0:   0000000000000001 00007ffab8f50000
0x00000053aafff000:   00000053aafff078 00007ffafe6d41fb
0x00000053aafff010:   0000000000000000 00000053aafff088
0x00000053aafff020:   00000053aafff350 00007ffafe7b0e40
0x00000053aafff030:   0000000000000001 00007ffafe6d41b4
0x00000053aafff040:   0000000000000000 0000000000000001
0x00000053aafff050:   0000000000000000 00000053aafff078
0x00000053aafff060:   0000000000000001 00007ffab8f741e1
0x00000053aafff070:   00007ffab8f8a138 00007ffa00000002
0x00000053aafff080:   0000000000000002 00000053aafff070 

Instructions: (pc=0x00007ffab8f76a87)
0x00007ffab8f76987:   8b 4d 58 e8 01 cf ff ff 48 8b 4d 60 e8 f8 ce ff
0x00007ffab8f76997:   ff 48 8b 95 80 00 00 00 48 8b 8d 18 01 00 00 e8
0x00007ffab8f769a7:   c6 c3 ff ff 33 d2 33 c9 e8 3c e1 ff ff 90 48 89
0x00007ffab8f769b7:   54 24 10 55 48 83 ec 20 48 8b ea 48 b8 00 00 00
0x00007ffab8f769c7:   00 00 00 00 00 48 83 c4 20 5d c3 cc 40 55 48 8b
0x00007ffab8f769d7:   ea 48 8b 01 33 c9 81 38 05 00 00 c0 0f 94 c1 8b
0x00007ffab8f769e7:   c1 5d c3 cc 40 55 48 83 ec 20 48 8b ea 8a 4d 40
0x00007ffab8f769f7:   48 83 c4 20 5d e9 f7 d2 ff ff cc 40 55 48 83 ec
0x00007ffab8f76a07:   20 48 8b ea 8a 4d 20 e8 e5 d2 ff ff 90 48 83 c4
0x00007ffab8f76a17:   20 5d c3 cc 40 55 48 83 ec 20 48 8b ea 48 83 c4
0x00007ffab8f76a27:   20 5d e9 46 d1 ff ff cc 40 55 48 83 ec 30 48 8b
0x00007ffab8f76a37:   ea 48 8b 01 8b 10 48 89 4c 24 28 89 54 24 20 4c
0x00007ffab8f76a47:   8d 0d e7 d5 ff ff 4c 8b 45 70 8b 55 68 48 8b 4d
0x00007ffab8f76a57:   60 e8 87 d0 ff ff 90 48 83 c4 30 5d c3 cc cc cc
0x00007ffab8f76a67:   cc cc cc cc cc cc cc cc cc 40 53 48 83 ec 20 48
0x00007ffab8f76a77:   8b 1d b3 30 01 00 48 85 db 74 16 e8 09 8b ff ff
0x00007ffab8f76a87:   4c 8b 00 48 8b d3 48 8b c8 41 ff 90 b0 00 00 00
0x00007ffab8f76a97:   90 48 83 c4 20 5b c3 cc cc 40 53 48 83 ec 20 48
0x00007ffab8f76aa7:   8b 1d 2b 32 01 00 48 85 db 74 57 b8 ff ff ff ff
0x00007ffab8f76ab7:   f0 0f c1 43 10 83 f8 01 75 3d 48 85 db 74 38 48
0x00007ffab8f76ac7:   8b 0b 48 85 c9 74 0d ff 15 d4 07 00 00 48 c7 03
0x00007ffab8f76ad7:   00 00 00 00 48 8b 4b 08 48 85 c9 74 0d e8 a7 cd
0x00007ffab8f76ae7:   ff ff 48 c7 43 08 00 00 00 00 ba 18 00 00 00 48
0x00007ffab8f76af7:   8b cb e8 92 cd ff ff 48 c7 05 cf 31 01 00 00 00
0x00007ffab8f76b07:   00 00 48 83 c4 20 5b c3 cc 40 53 48 83 ec 20 48
0x00007ffab8f76b17:   8b 1d 9b 31 01 00 48 85 db 74 57 b8 ff ff ff ff
0x00007ffab8f76b27:   f0 0f c1 43 10 83 f8 01 75 3d 48 85 db 74 38 48
0x00007ffab8f76b37:   8b 0b 48 85 c9 74 0d ff 15 64 07 00 00 48 c7 03
0x00007ffab8f76b47:   00 00 00 00 48 8b 4b 08 48 85 c9 74 0d e8 37 cd
0x00007ffab8f76b57:   ff ff 48 c7 43 08 00 00 00 00 ba 18 00 00 00 48
0x00007ffab8f76b67:   8b cb e8 22 cd ff ff 48 c7 05 3f 31 01 00 00 00
0x00007ffab8f76b77:   00 00 48 83 c4 20 5b c3 cc 40 53 48 83 ec 20 48 


Stack slot to memory mapping:
stack at sp + 0 slots: 0x0 is NULL
stack at sp + 1 slots: 0x0000020522bfab40 points into unknown readable memory: 0xfd5cd82370ad86a8 | a8 86 ad 70 23 d8 5c fd
stack at sp + 2 slots: 0x00007ffa81465140 jvm.dll
stack at sp + 3 slots: 0x00007ffab8f74354 glass.dll
stack at sp + 4 slots: 0x0000020522bfab48 points into unknown readable memory: 0x0000a3bc46ad8697 | 97 86 ad 46 bc a3 00 00
stack at sp + 5 slots: 0x00007ffafe6d42d6 ucrtbase.dll
stack at sp + 6 slots: 0x0000a3bc46ad8697 is an unknown value
stack at sp + 7 slots: 0x0000020500000000 is an unknown value

VM_Operation (0x00000053aa7fefd0): Exit, mode: safepoint, requested by thread 0x000002052b8c9270


---------------  P R O C E S S  ---------------

Threads class SMR info:
_java_thread_list=0x0000020522847670, length=22, elements={
0x0000020503a865c0, 0x000002052149a900, 0x000002052149b770, 0x00000205214ad180,
0x00000205214aed40, 0x00000205214b1800, 0x00000205214b21b0, 0x00000205214b2e90,
0x00000205214c57f0, 0x00000205215224a0, 0x0000020521484760, 0x0000020522576bd0,
0x000002052276c870, 0x0000020522bf3490, 0x0000020522d775a0, 0x0000020522d18360,
0x0000020523059150, 0x0000020523338330, 0x0000020522d87350, 0x000002052b8c7a60,
0x000002052b8c88d0, 0x000002052b8c9270
}

Java Threads: ( => current thread )
  0x0000020503a865c0 JavaThread "main" [_thread_blocked, id=11508, stack(0x00000053aa800000,0x00000053aa900000)]
  0x000002052149a900 JavaThread "Reference Handler" daemon [_thread_blocked, id=11048, stack(0x00000053ab000000,0x00000053ab100000)]
  0x000002052149b770 JavaThread "Finalizer" daemon [_thread_blocked, id=7968, stack(0x00000053ab100000,0x00000053ab200000)]
  0x00000205214ad180 JavaThread "Signal Dispatcher" daemon [_thread_blocked, id=14128, stack(0x00000053ab200000,0x00000053ab300000)]
  0x00000205214aed40 JavaThread "Attach Listener" daemon [_thread_blocked, id=6588, stack(0x00000053ab300000,0x00000053ab400000)]
  0x00000205214b1800 JavaThread "Service Thread" daemon [_thread_blocked, id=13260, stack(0x00000053ab400000,0x00000053ab500000)]
  0x00000205214b21b0 JavaThread "Monitor Deflation Thread" daemon [_thread_blocked, id=14512, stack(0x00000053ab500000,0x00000053ab600000)]
  0x00000205214b2e90 JavaThread "C2 CompilerThread0" daemon [_thread_blocked, id=14328, stack(0x00000053ab600000,0x00000053ab700000)]
  0x00000205214c57f0 JavaThread "C1 CompilerThread0" daemon [_thread_blocked, id=8984, stack(0x00000053ab700000,0x00000053ab800000)]
  0x00000205215224a0 JavaThread "Sweeper thread" daemon [_thread_blocked, id=6188, stack(0x00000053ab800000,0x00000053ab900000)]
  0x0000020521484760 JavaThread "Common-Cleaner" daemon [_thread_blocked, id=5420, stack(0x00000053ab900000,0x00000053aba00000)]
  0x0000020522576bd0 JavaThread "JDWP Event Helper Thread" daemon [_thread_blocked, id=13556, stack(0x00000053abe00000,0x00000053abf00000)]
  0x000002052276c870 JavaThread "Notification Thread" daemon [_thread_blocked, id=7456, stack(0x00000053aba00000,0x00000053abb00000)]
  0x0000020522bf3490 JavaThread "QuantumRenderer-0" daemon [_thread_blocked, id=10296, stack(0x00000053ac100000,0x00000053ac200000)]
  0x0000020522d775a0 JavaThread "InvokeLaterDispatcher" daemon [_thread_blocked, id=15340, stack(0x00000053ac300000,0x00000053ac400000)]
  0x0000020522d18360 JavaThread "JavaFX Application Thread" [_thread_blocked, id=10140, stack(0x00000053ac400000,0x00000053ac500000)]
  0x0000020523059150 JavaThread "Thread-1" daemon [_thread_in_native, id=11928, stack(0x00000053ac700000,0x00000053ac800000)]
  0x0000020523338330 JavaThread "JavaFX-Launcher" [_thread_blocked, id=7252, stack(0x00000053ac800000,0x00000053ac900000)]
  0x0000020522d87350 JavaThread "Hibernate Connection Pool Validation Thread" daemon [_thread_blocked, id=9492, stack(0x00000053acc00000,0x00000053acd00000)]
  0x000002052b8c7a60 JavaThread "Prism Font Disposer" daemon [_thread_blocked, id=7108, stack(0x00000053ad000000,0x00000053ad100000)]
  0x000002052b8c88d0 JavaThread "Cleaner-0" daemon [_thread_blocked, id=14076, stack(0x00000053ad200000,0x00000053ad300000)]
  0x000002052b8c9270 JavaThread "SIGINT handler" daemon [_thread_blocked, id=9772, stack(0x00000053aa700000,0x00000053aa800000)]

Other Threads:
=>0x0000020521494ca0 VMThread "VM Thread" [stack: 0x00000053aaf00000,0x00000053ab000000] [id=8744]
  0x0000020503ac4870 GCTaskThread "GC Thread#0" [stack: 0x00000053aaa00000,0x00000053aab00000] [id=8748]
  0x0000020522710e40 GCTaskThread "GC Thread#1" [stack: 0x00000053abb00000,0x00000053abc00000] [id=8624]
  0x00000205227350e0 GCTaskThread "GC Thread#2" [stack: 0x00000053abc00000,0x00000053abd00000] [id=10896]
  0x0000020523943410 GCTaskThread "GC Thread#3" [stack: 0x00000053aca00000,0x00000053acb00000] [id=13348]
  0x0000020503ad53b0 ConcurrentGCThread "G1 Main Marker" terminated
  0x0000020503ad6dd0 ConcurrentGCThread "G1 Conc#0" [stack: 0x00000053aac00000,0x00000053aad00000] [id=1392]
  0x0000020503b4de80 ConcurrentGCThread "G1 Refine#0" terminated
  0x0000020503b4e8a0 ConcurrentGCThread "G1 Service" terminated

Threads with active compile tasks:

VM state: at safepoint (shutting down)

VM Mutex/Monitor currently owned by a thread:  ([mutex/lock_event])
[0x0000020503a822a0] Threads_lock - owner thread: 0x0000020521494ca0
[0x0000020503a82840] Heap_lock - owner thread: 0x000002052b8c9270

Heap address: 0x0000000082000000, size: 2016 MB, Compressed Oops mode: 32-bit

CDS archive(s) mapped at: [0x0000000800000000-0x0000000800bc0000-0x0000000800bc0000), size 12320768, SharedBaseAddress: 0x0000000800000000, ArchiveRelocationMode: 0.
Compressed class space mapped at: 0x0000000800c00000-0x0000000840c00000, reserved size: 1073741824
Narrow klass base: 0x0000000800000000, Narrow klass shift: 0, Narrow klass range: 0x100000000

GC Precious Log:
 CPUs: 4 total, 4 available
 Memory: 8060M
 Large Page Support: Disabled
 NUMA Support: Disabled
 Compressed Oops: Enabled (32-bit)
 Heap Region Size: 1M
 Heap Min Capacity: 8M
 Heap Initial Capacity: 126M
 Heap Max Capacity: 2016M
 Pre-touch: Disabled
 Parallel Workers: 4
 Concurrent Workers: 1
 Concurrent Refinement Workers: 4
 Periodic GC: Disabled

Heap:
 garbage-first heap   total 71680K, used 52867K [0x0000000082000000, 0x0000000100000000)
  region size 1024K, 26 young (26624K), 2 survivors (2048K)
 Metaspace       used 45415K, committed 45696K, reserved 1089536K
  class space    used 6065K, committed 6208K, reserved 1048576K

Heap Regions: E=young(eden), S=young(survivor), O=old, HS=humongous(starts), HC=humongous(continues), CS=collection set, F=free, OA=open archive, CA=closed archive, TAMS=top-at-mark-start (previous, next)
|   0|0x0000000082000000, 0x0000000082100000, 0x0000000082100000|100%| O|  |TAMS 0x0000000082100000, 0x0000000082100000| Untracked 
|   1|0x0000000082100000, 0x0000000082200000, 0x0000000082200000|100%|HS|  |TAMS 0x0000000082200000, 0x0000000082200000| Complete 
|   2|0x0000000082200000, 0x0000000082300000, 0x0000000082300000|100%| O|  |TAMS 0x0000000082300000, 0x0000000082300000| Untracked 
|   3|0x0000000082300000, 0x0000000082400000, 0x0000000082400000|100%| O|  |TAMS 0x0000000082400000, 0x0000000082400000| Untracked 
|   4|0x0000000082400000, 0x0000000082500000, 0x0000000082500000|100%| O|  |TAMS 0x0000000082500000, 0x0000000082500000| Untracked 
|   5|0x0000000082500000, 0x0000000082600000, 0x0000000082600000|100%| O|  |TAMS 0x0000000082600000, 0x0000000082600000| Untracked 
|   6|0x0000000082600000, 0x0000000082700000, 0x0000000082700000|100%| O|  |TAMS 0x0000000082700000, 0x0000000082700000| Untracked 
|   7|0x0000000082700000, 0x0000000082800000, 0x0000000082800000|100%| O|  |TAMS 0x0000000082800000, 0x0000000082800000| Untracked 
|   8|0x0000000082800000, 0x00000000828b1400, 0x0000000082900000| 69%| O|  |TAMS 0x0000000082800000, 0x0000000082800000| Untracked 
|   9|0x0000000082900000, 0x0000000082a00000, 0x0000000082a00000|100%| O|  |TAMS 0x0000000082a00000, 0x0000000082a00000| Untracked 
|  10|0x0000000082a00000, 0x0000000082b00000, 0x0000000082b00000|100%| O|  |TAMS 0x0000000082b00000, 0x0000000082b00000| Untracked 
|  11|0x0000000082b00000, 0x0000000082c00000, 0x0000000082c00000|100%| O|  |TAMS 0x0000000082c00000, 0x0000000082c00000| Untracked 
|  12|0x0000000082c00000, 0x0000000082d00000, 0x0000000082d00000|100%| O|  |TAMS 0x0000000082cf4000, 0x0000000082cf4000| Untracked 
|  13|0x0000000082d00000, 0x0000000082e00000, 0x0000000082e00000|100%|HS|  |TAMS 0x0000000082d00000, 0x0000000082d00000| Complete 
|  14|0x0000000082e00000, 0x0000000082f00000, 0x0000000082f00000|100%|HC|  |TAMS 0x0000000082e00000, 0x0000000082e00000| Complete 
|  15|0x0000000082f00000, 0x0000000083000000, 0x0000000083000000|100%|HC|  |TAMS 0x0000000082f00000, 0x0000000082f00000| Complete 
|  16|0x0000000083000000, 0x0000000083100000, 0x0000000083100000|100%|HC|  |TAMS 0x0000000083000000, 0x0000000083000000| Complete 
|  17|0x0000000083100000, 0x0000000083200000, 0x0000000083200000|100%|HC|  |TAMS 0x0000000083100000, 0x0000000083100000| Complete 
|  18|0x0000000083200000, 0x0000000083300000, 0x0000000083300000|100%|HC|  |TAMS 0x0000000083200000, 0x0000000083200000| Complete 
|  19|0x0000000083300000, 0x0000000083400000, 0x0000000083400000|100%|HC|  |TAMS 0x0000000083300000, 0x0000000083300000| Complete 
|  20|0x0000000083400000, 0x0000000083500000, 0x0000000083500000|100%|HC|  |TAMS 0x0000000083400000, 0x0000000083400000| Complete 
|  21|0x0000000083500000, 0x0000000083600000, 0x0000000083600000|100%|HC|  |TAMS 0x0000000083500000, 0x0000000083500000| Complete 
|  22|0x0000000083600000, 0x0000000083700000, 0x0000000083700000|100%|HC|  |TAMS 0x0000000083600000, 0x0000000083600000| Complete 
|  23|0x0000000083700000, 0x0000000083800000, 0x0000000083800000|100%|HC|  |TAMS 0x0000000083700000, 0x0000000083700000| Complete 
|  24|0x0000000083800000, 0x0000000083900000, 0x0000000083900000|100%|HC|  |TAMS 0x0000000083800000, 0x0000000083800000| Complete 
|  25|0x0000000083900000, 0x0000000083a00000, 0x0000000083a00000|100%|HS|  |TAMS 0x0000000083900000, 0x0000000083900000| Complete 
|  26|0x0000000083a00000, 0x0000000083b00000, 0x0000000083b00000|100%|HC|  |TAMS 0x0000000083a00000, 0x0000000083a00000| Complete 
|  27|0x0000000083b00000, 0x0000000083b00000, 0x0000000083c00000|  0%| F|  |TAMS 0x0000000083b00000, 0x0000000083b00000| Untracked 
|  28|0x0000000083c00000, 0x0000000083c00000, 0x0000000083d00000|  0%| F|  |TAMS 0x0000000083c00000, 0x0000000083c00000| Untracked 
|  29|0x0000000083d00000, 0x0000000083d00000, 0x0000000083e00000|  0%| F|  |TAMS 0x0000000083d00000, 0x0000000083d00000| Untracked 
|  30|0x0000000083e00000, 0x0000000083e00000, 0x0000000083f00000|  0%| F|  |TAMS 0x0000000083e00000, 0x0000000083e00000| Untracked 
|  31|0x0000000083f00000, 0x0000000083f00000, 0x0000000084000000|  0%| F|  |TAMS 0x0000000083f00000, 0x0000000083f00000| Untracked 
|  32|0x0000000084000000, 0x0000000084000000, 0x0000000084100000|  0%| F|  |TAMS 0x0000000084000000, 0x0000000084000000| Untracked 
|  33|0x0000000084100000, 0x00000000841ef8d0, 0x0000000084200000| 93%| S|CS|TAMS 0x0000000084100000, 0x0000000084100000| Complete 
|  34|0x0000000084200000, 0x0000000084300000, 0x0000000084300000|100%| S|CS|TAMS 0x0000000084200000, 0x0000000084200000| Complete 
|  35|0x0000000084300000, 0x0000000084300000, 0x0000000084400000|  0%| F|  |TAMS 0x0000000084300000, 0x0000000084300000| Untracked 
|  36|0x0000000084400000, 0x0000000084400000, 0x0000000084500000|  0%| F|  |TAMS 0x0000000084400000, 0x0000000084400000| Untracked 
|  37|0x0000000084500000, 0x0000000084500000, 0x0000000084600000|  0%| F|  |TAMS 0x0000000084500000, 0x0000000084500000| Untracked 
|  38|0x0000000084600000, 0x0000000084600000, 0x0000000084700000|  0%| F|  |TAMS 0x0000000084600000, 0x0000000084600000| Untracked 
|  39|0x0000000084700000, 0x0000000084700000, 0x0000000084800000|  0%| F|  |TAMS 0x0000000084700000, 0x0000000084700000| Untracked 
|  40|0x0000000084800000, 0x0000000084800000, 0x0000000084900000|  0%| F|  |TAMS 0x0000000084800000, 0x0000000084800000| Untracked 
|  41|0x0000000084900000, 0x0000000084900000, 0x0000000084a00000|  0%| F|  |TAMS 0x0000000084900000, 0x0000000084900000| Untracked 
|  42|0x0000000084a00000, 0x0000000084a00000, 0x0000000084b00000|  0%| F|  |TAMS 0x0000000084a00000, 0x0000000084a00000| Untracked 
|  43|0x0000000084b00000, 0x0000000084b00000, 0x0000000084c00000|  0%| F|  |TAMS 0x0000000084b00000, 0x0000000084b00000| Untracked 
|  44|0x0000000084c00000, 0x0000000084c00000, 0x0000000084d00000|  0%| F|  |TAMS 0x0000000084c00000, 0x0000000084c00000| Untracked 
|  45|0x0000000084d00000, 0x0000000084d00000, 0x0000000084e00000|  0%| F|  |TAMS 0x0000000084d00000, 0x0000000084d00000| Untracked 
|  46|0x0000000084e00000, 0x0000000084ecd510, 0x0000000084f00000| 80%| E|  |TAMS 0x0000000084e00000, 0x0000000084e00000| Complete 
|  47|0x0000000084f00000, 0x0000000085000000, 0x0000000085000000|100%| E|CS|TAMS 0x0000000084f00000, 0x0000000084f00000| Complete 
|  48|0x0000000085000000, 0x0000000085100000, 0x0000000085100000|100%| E|CS|TAMS 0x0000000085000000, 0x0000000085000000| Complete 
|  49|0x0000000085100000, 0x0000000085200000, 0x0000000085200000|100%| E|CS|TAMS 0x0000000085100000, 0x0000000085100000| Complete 
|  50|0x0000000085200000, 0x0000000085300000, 0x0000000085300000|100%| E|CS|TAMS 0x0000000085200000, 0x0000000085200000| Complete 
|  51|0x0000000085300000, 0x0000000085400000, 0x0000000085400000|100%| E|CS|TAMS 0x0000000085300000, 0x0000000085300000| Complete 
|  52|0x0000000085400000, 0x0000000085500000, 0x0000000085500000|100%| E|CS|TAMS 0x0000000085400000, 0x0000000085400000| Complete 
|  53|0x0000000085500000, 0x0000000085600000, 0x0000000085600000|100%| E|CS|TAMS 0x0000000085500000, 0x0000000085500000| Complete 
|  54|0x0000000085600000, 0x0000000085700000, 0x0000000085700000|100%| E|CS|TAMS 0x0000000085600000, 0x0000000085600000| Complete 
|  55|0x0000000085700000, 0x0000000085800000, 0x0000000085800000|100%| E|CS|TAMS 0x0000000085700000, 0x0000000085700000| Complete 
|  56|0x0000000085800000, 0x0000000085900000, 0x0000000085900000|100%| E|CS|TAMS 0x0000000085800000, 0x0000000085800000| Complete 
|  57|0x0000000085900000, 0x0000000085a00000, 0x0000000085a00000|100%| E|CS|TAMS 0x0000000085900000, 0x0000000085900000| Complete 
|  58|0x0000000085a00000, 0x0000000085b00000, 0x0000000085b00000|100%| E|CS|TAMS 0x0000000085a00000, 0x0000000085a00000| Complete 
|  59|0x0000000085b00000, 0x0000000085c00000, 0x0000000085c00000|100%| E|CS|TAMS 0x0000000085b00000, 0x0000000085b00000| Complete 
|  60|0x0000000085c00000, 0x0000000085d00000, 0x0000000085d00000|100%| E|CS|TAMS 0x0000000085c00000, 0x0000000085c00000| Complete 
|  61|0x0000000085d00000, 0x0000000085e00000, 0x0000000085e00000|100%| E|CS|TAMS 0x0000000085d00000, 0x0000000085d00000| Complete 
|  62|0x0000000085e00000, 0x0000000085f00000, 0x0000000085f00000|100%| E|CS|TAMS 0x0000000085e00000, 0x0000000085e00000| Complete 
|  63|0x0000000085f00000, 0x0000000086000000, 0x0000000086000000|100%| E|CS|TAMS 0x0000000085f00000, 0x0000000085f00000| Complete 
|  64|0x0000000086000000, 0x0000000086100000, 0x0000000086100000|100%| E|CS|TAMS 0x0000000086000000, 0x0000000086000000| Complete 
|  65|0x0000000086100000, 0x0000000086200000, 0x0000000086200000|100%| E|CS|TAMS 0x0000000086100000, 0x0000000086100000| Complete 
|  66|0x0000000086200000, 0x0000000086300000, 0x0000000086300000|100%| E|CS|TAMS 0x0000000086200000, 0x0000000086200000| Complete 
| 101|0x0000000088500000, 0x0000000088600000, 0x0000000088600000|100%| E|CS|TAMS 0x0000000088500000, 0x0000000088500000| Complete 
| 102|0x0000000088600000, 0x0000000088700000, 0x0000000088700000|100%| E|CS|TAMS 0x0000000088600000, 0x0000000088600000| Complete 
| 125|0x0000000089d00000, 0x0000000089e00000, 0x0000000089e00000|100%| E|CS|TAMS 0x0000000089d00000, 0x0000000089d00000| Complete 

Card table byte_map: [0x000002051a940000,0x000002051ad30000] _byte_map_base: 0x000002051a530000

Marking Bits (Prev, Next): (CMBitMap*) 0x0000020503ac4e80, (CMBitMap*) 0x0000020503ac4ec0
 Prev Bits: [0x000002051b120000, 0x000002051d0a0000)
 Next Bits: [0x000002051d0a0000, 0x000002051f020000)

Polling page: 0x0000020501a50000

Metaspace:

Usage:
  Non-class:     38.43 MB used.
      Class:      5.92 MB used.
       Both:     44.35 MB used.

Virtual space:
  Non-class space:       40.00 MB reserved,      38.56 MB ( 96%) committed,  5 nodes.
      Class space:        1.00 GB reserved,       6.06 MB ( <1%) committed,  1 nodes.
             Both:        1.04 GB reserved,      44.62 MB (  4%) committed. 

Chunk freelists:
   Non-Class:  833.00 KB
       Class:  1.91 MB
        Both:  2.72 MB

MaxMetaspaceSize: unlimited
CompressedClassSpaceSize: 1.00 GB
Initial GC threshold: 21.00 MB
Current GC threshold: 59.06 MB
CDS: on
MetaspaceReclaimPolicy: balanced
 - commit_granule_bytes: 65536.
 - commit_granule_words: 8192.
 - virtual_space_node_default_size: 1048576.
 - enlarge_chunks_in_place: 1.
 - new_chunks_are_fully_committed: 0.
 - uncommit_free_chunks: 1.
 - use_allocation_guard: 0.
 - handle_deallocations: 1.


Internal statistics:

num_allocs_failed_limit: 6.
num_arena_births: 348.
num_arena_deaths: 0.
num_vsnodes_births: 6.
num_vsnodes_deaths: 0.
num_space_committed: 714.
num_space_uncommitted: 0.
num_chunks_returned_to_freelist: 6.
num_chunks_taken_from_freelist: 1737.
num_chunk_merges: 3.
num_chunk_splits: 1256.
num_chunks_enlarged: 995.
num_purges: 0.
num_inconsistent_stats: 0.

CodeHeap 'non-profiled nmethods': size=120000Kb used=2065Kb max_used=2065Kb free=117934Kb
 bounds [0x0000020513020000, 0x0000020513290000, 0x000002051a550000]
CodeHeap 'profiled nmethods': size=120000Kb used=9266Kb max_used=9266Kb free=110733Kb
 bounds [0x000002050baf0000, 0x000002050c400000, 0x0000020513020000]
CodeHeap 'non-nmethods': size=5760Kb used=1648Kb max_used=1672Kb free=4111Kb
 bounds [0x000002050b550000, 0x000002050b7c0000, 0x000002050baf0000]
 total_blobs=5740 nmethods=4761 adapters=890
 compilation: enabled
              stopped_count=0, restarted_count=0
 full_count=0

Compilation events (20 events):
Event: 23.417 Thread 0x00000205214c57f0 4752       3       com.sun.javafx.sg.prism.NGNode::doRender (473 bytes)
Event: 23.418 Thread 0x00000205214c57f0 nmethod 4752 0x000002050c3f7310 code [0x000002050c3f7640, 0x000002050c3f9758]
Event: 23.418 Thread 0x00000205214c57f0 4746       1       com.sun.javafx.css.CalculatedValue::getOrigin (5 bytes)
Event: 23.418 Thread 0x00000205214c57f0 nmethod 4746 0x0000020513220f10 code [0x00000205132210a0, 0x0000020513221178]
Event: 23.418 Thread 0x00000205214c57f0 4750       1       com.sun.javafx.sg.prism.NGCamera::getViewWidth (5 bytes)
Event: 23.418 Thread 0x00000205214c57f0 nmethod 4750 0x0000020513221210 code [0x00000205132213a0, 0x0000020513221478]
Event: 23.418 Thread 0x00000205214c57f0 4751       1       com.sun.javafx.sg.prism.NGCamera::getViewHeight (5 bytes)
Event: 23.418 Thread 0x00000205214c57f0 nmethod 4751 0x0000020513221510 code [0x00000205132216a0, 0x0000020513221778]
Event: 23.483 Thread 0x00000205214c57f0 4753       3       javafx.scene.Camera::getCameraTransform (35 bytes)
Event: 23.484 Thread 0x00000205214c57f0 nmethod 4753 0x000002050c3fa090 code [0x000002050c3fa300, 0x000002050c3fb148]
Event: 23.489 Thread 0x00000205214c57f0 4754       3       java.lang.AbstractStringBuilder::append (77 bytes)
Event: 23.490 Thread 0x00000205214c57f0 nmethod 4754 0x000002050c3fb610 code [0x000002050c3fb820, 0x000002050c3fbec8]
Event: 24.955 Thread 0x00000205214c57f0 4755       1       java.util.Formatter$Flags::valueOf (5 bytes)
Event: 24.955 Thread 0x00000205214c57f0 nmethod 4755 0x0000020513221810 code [0x00000205132219a0, 0x0000020513221a78]
Event: 24.957 Thread 0x00000205214c57f0 4756       3       jdk.internal.util.ArraysSupport::mismatch (73 bytes)
Event: 24.958 Thread 0x00000205214b2e90 4757       4       java.util.ImmutableCollections$ListN::get (7 bytes)
Event: 24.958 Thread 0x00000205214c57f0 nmethod 4756 0x000002050c3fc110 code [0x000002050c3fc2e0, 0x000002050c3fc6f8]
Event: 24.958 Thread 0x00000205214b2e90 nmethod 4757 0x0000020513221b10 code [0x0000020513221c80, 0x0000020513221d38]
Event: 24.959 Thread 0x00000205214b2e90 4758       4       java.lang.invoke.LambdaForm$Name::useCount (51 bytes)
Event: 24.962 Thread 0x00000205214b2e90 nmethod 4758 0x0000020513222410 code [0x0000020513222580, 0x0000020513222718]

GC Heap History (20 events):
Event: 1.185 GC heap before
{Heap before GC invocations=0 (full 0):
 garbage-first heap   total 129024K, used 13312K [0x0000000082000000, 0x0000000100000000)
  region size 1024K, 13 young (13312K), 0 survivors (0K)
 Metaspace       used 735K, committed 896K, reserved 1056768K
  class space    used 57K, committed 128K, reserved 1048576K
}
Event: 1.210 GC heap after
{Heap after GC invocations=1 (full 0):
 garbage-first heap   total 129024K, used 1958K [0x0000000082000000, 0x0000000100000000)
  region size 1024K, 1 young (1024K), 1 survivors (1024K)
 Metaspace       used 735K, committed 896K, reserved 1056768K
  class space    used 57K, committed 128K, reserved 1048576K
}
Event: 1.244 GC heap before
{Heap before GC invocations=1 (full 0):
 garbage-first heap   total 129024K, used 20390K [0x0000000082000000, 0x0000000100000000)
  region size 1024K, 20 young (20480K), 1 survivors (1024K)
 Metaspace       used 735K, committed 896K, reserved 1056768K
  class space    used 57K, committed 128K, reserved 1048576K
}
Event: 1.247 GC heap after
{Heap after GC invocations=2 (full 0):
 garbage-first heap   total 129024K, used 2020K [0x0000000082000000, 0x0000000100000000)
  region size 1024K, 1 young (1024K), 1 survivors (1024K)
 Metaspace       used 735K, committed 896K, reserved 1056768K
  class space    used 57K, committed 128K, reserved 1048576K
}
Event: 6.584 GC heap before
{Heap before GC invocations=2 (full 0):
 garbage-first heap   total 129024K, used 77796K [0x0000000082000000, 0x0000000100000000)
  region size 1024K, 75 young (76800K), 1 survivors (1024K)
 Metaspace       used 14247K, committed 14464K, reserved 1064960K
  class space    used 1870K, committed 1984K, reserved 1048576K
}
Event: 6.635 GC heap after
{Heap after GC invocations=3 (full 0):
 garbage-first heap   total 129024K, used 8434K [0x0000000082000000, 0x0000000100000000)
  region size 1024K, 8 young (8192K), 8 survivors (8192K)
 Metaspace       used 14247K, committed 14464K, reserved 1064960K
  class space    used 1870K, committed 1984K, reserved 1048576K
}
Event: 7.699 GC heap before
{Heap before GC invocations=3 (full 0):
 garbage-first heap   total 129024K, used 30962K [0x0000000082000000, 0x0000000100000000)
  region size 1024K, 31 young (31744K), 8 survivors (8192K)
 Metaspace       used 21264K, committed 21504K, reserved 1073152K
  class space    used 2856K, committed 3008K, reserved 1048576K
}
Event: 7.712 GC heap after
{Heap after GC invocations=4 (full 0):
 garbage-first heap   total 129024K, used 10800K [0x0000000082000000, 0x0000000100000000)
  region size 1024K, 2 young (2048K), 2 survivors (2048K)
 Metaspace       used 21264K, committed 21504K, reserved 1073152K
  class space    used 2856K, committed 3008K, reserved 1048576K
}
Event: 9.077 GC heap before
{Heap before GC invocations=5 (full 0):
 garbage-first heap   total 40960K, used 33328K [0x0000000082000000, 0x0000000100000000)
  region size 1024K, 24 young (24576K), 2 survivors (2048K)
 Metaspace       used 29114K, committed 29376K, reserved 1081344K
  class space    used 3756K, committed 3840K, reserved 1048576K
}
Event: 9.082 GC heap after
{Heap after GC invocations=6 (full 0):
 garbage-first heap   total 40960K, used 12181K [0x0000000082000000, 0x0000000100000000)
  region size 1024K, 2 young (2048K), 2 survivors (2048K)
 Metaspace       used 29114K, committed 29376K, reserved 1081344K
  class space    used 3756K, committed 3840K, reserved 1048576K
}
Event: 9.101 GC heap before
{Heap before GC invocations=6 (full 0):
 garbage-first heap   total 40960K, used 12181K [0x0000000082000000, 0x0000000100000000)
  region size 1024K, 3 young (3072K), 2 survivors (2048K)
 Metaspace       used 29277K, committed 29568K, reserved 1081344K
  class space    used 3790K, committed 3904K, reserved 1048576K
}
Event: 9.105 GC heap after
{Heap after GC invocations=7 (full 0):
 garbage-first heap   total 40960K, used 12597K [0x0000000082000000, 0x0000000100000000)
  region size 1024K, 1 young (1024K), 1 survivors (1024K)
 Metaspace       used 29277K, committed 29568K, reserved 1081344K
  class space    used 3790K, committed 3904K, reserved 1048576K
}
Event: 9.755 GC heap before
{Heap before GC invocations=7 (full 0):
 garbage-first heap   total 40960K, used 30005K [0x0000000082000000, 0x0000000100000000)
  region size 1024K, 19 young (19456K), 1 survivors (1024K)
 Metaspace       used 33421K, committed 33728K, reserved 1081344K
  class space    used 4315K, committed 4480K, reserved 1048576K
}
Event: 9.758 GC heap after
{Heap after GC invocations=8 (full 0):
 garbage-first heap   total 40960K, used 13063K [0x0000000082000000, 0x0000000100000000)
  region size 1024K, 1 young (1024K), 1 survivors (1024K)
 Metaspace       used 33421K, committed 33728K, reserved 1081344K
  class space    used 4315K, committed 4480K, reserved 1048576K
}
Event: 10.890 GC heap before
{Heap before GC invocations=8 (full 0):
 garbage-first heap   total 40960K, used 29447K [0x0000000082000000, 0x0000000100000000)
  region size 1024K, 19 young (19456K), 1 survivors (1024K)
 Metaspace       used 35795K, committed 36096K, reserved 1081344K
  class space    used 4703K, committed 4864K, reserved 1048576K
}
Event: 10.893 GC heap after
{Heap after GC invocations=9 (full 0):
 garbage-first heap   total 40960K, used 13637K [0x0000000082000000, 0x0000000100000000)
  region size 1024K, 2 young (2048K), 2 survivors (2048K)
 Metaspace       used 35795K, committed 36096K, reserved 1081344K
  class space    used 4703K, committed 4864K, reserved 1048576K
}
Event: 11.412 GC heap before
{Heap before GC invocations=10 (full 0):
 garbage-first heap   total 40960K, used 31045K [0x0000000082000000, 0x0000000100000000)
  region size 1024K, 20 young (20480K), 2 survivors (2048K)
 Metaspace       used 39353K, committed 39616K, reserved 1089536K
  class space    used 5109K, committed 5248K, reserved 1048576K
}
Event: 11.416 GC heap after
{Heap after GC invocations=11 (full 0):
 garbage-first heap   total 40960K, used 14632K [0x0000000082000000, 0x0000000100000000)
  region size 1024K, 3 young (3072K), 3 survivors (3072K)
 Metaspace       used 39353K, committed 39616K, reserved 1089536K
  class space    used 5109K, committed 5248K, reserved 1048576K
}
Event: 11.760 GC heap before
{Heap before GC invocations=11 (full 0):
 garbage-first heap   total 40960K, used 18728K [0x0000000082000000, 0x0000000100000000)
  region size 1024K, 8 young (8192K), 3 survivors (3072K)
 Metaspace       used 40338K, committed 40576K, reserved 1089536K
  class space    used 5233K, committed 5376K, reserved 1048576K
}
Event: 11.765 GC heap after
{Heap after GC invocations=12 (full 0):
 garbage-first heap   total 71680K, used 14979K [0x0000000082000000, 0x0000000100000000)
  region size 1024K, 2 young (2048K), 2 survivors (2048K)
 Metaspace       used 40338K, committed 40576K, reserved 1089536K
  class space    used 5233K, committed 5376K, reserved 1048576K
}

Deoptimization events (20 events):
Event: 20.267 Thread 0x0000020522d18360 Uncommon trap: trap_request=0xffffff45 fr.pc=0x0000020513066e68 relative=0x0000000000000448
Event: 20.267 Thread 0x0000020522d18360 Uncommon trap: reason=unstable_if action=reinterpret pc=0x0000020513066e68 method=java.lang.StringLatin1.canEncode(I)Z @ 4 c2
Event: 20.267 Thread 0x0000020522d18360 DEOPT PACKING pc=0x0000020513066e68 sp=0x00000053ac4fbd10
Event: 20.267 Thread 0x0000020522d18360 DEOPT UNPACKING pc=0x000002050b5a23a3 sp=0x00000053ac4fbc58 mode 2
Event: 20.267 Thread 0x0000020522d18360 Uncommon trap: trap_request=0xffffff45 fr.pc=0x00000205130b350c relative=0x000000000000036c
Event: 20.267 Thread 0x0000020522d18360 Uncommon trap: reason=unstable_if action=reinterpret pc=0x00000205130b350c method=java.lang.AbstractStringBuilder.isLatin1()Z @ 10 c2
Event: 20.267 Thread 0x0000020522d18360 DEOPT PACKING pc=0x00000205130b350c sp=0x00000053ac4fbd30
Event: 20.267 Thread 0x0000020522d18360 DEOPT UNPACKING pc=0x000002050b5a23a3 sp=0x00000053ac4fbcc0 mode 2
Event: 20.267 Thread 0x0000020522d18360 Uncommon trap: trap_request=0xffffff45 fr.pc=0x0000020513032fb0 relative=0x0000000000000230
Event: 20.267 Thread 0x0000020522d18360 Uncommon trap: reason=unstable_if action=reinterpret pc=0x0000020513032fb0 method=java.lang.String.isLatin1()Z @ 10 c2
Event: 20.267 Thread 0x0000020522d18360 DEOPT PACKING pc=0x0000020513032fb0 sp=0x00000053ac4fc0c0
Event: 20.267 Thread 0x0000020522d18360 DEOPT UNPACKING pc=0x000002050b5a23a3 sp=0x00000053ac4fc008 mode 2
Event: 20.386 Thread 0x0000020522d18360 Uncommon trap: trap_request=0xffffff45 fr.pc=0x00000205130678a0 relative=0x0000000000000400
Event: 20.386 Thread 0x0000020522d18360 Uncommon trap: reason=unstable_if action=reinterpret pc=0x00000205130678a0 method=java.lang.StringLatin1.canEncode(I)Z @ 4 c2
Event: 20.386 Thread 0x0000020522d18360 DEOPT PACKING pc=0x00000205130678a0 sp=0x00000053ac4fbcb0
Event: 20.386 Thread 0x0000020522d18360 DEOPT UNPACKING pc=0x000002050b5a23a3 sp=0x00000053ac4fbc50 mode 2
Event: 77.860 Thread 0x0000020522bf3490 DEOPT PACKING pc=0x000002050c3a9924 sp=0x00000053ac1ff0e0
Event: 77.860 Thread 0x0000020522bf3490 DEOPT UNPACKING pc=0x000002050b5a2b43 sp=0x00000053ac1fe608 mode 1
Event: 77.860 Thread 0x000002052b8c6720 DEOPT PACKING pc=0x000002050bcac5cc sp=0x00000053abdff520
Event: 77.860 Thread 0x000002052b8c6720 DEOPT UNPACKING pc=0x000002050b5a2b43 sp=0x00000053abdfe980 mode 1

Classes unloaded (0 events):
No events

Classes redefined (0 events):
No events

Internal exceptions (20 events):
Event: 11.081 Thread 0x0000020522d18360 Exception <a 'sun/nio/fs/WindowsException'{0x000000008402af08}> (0x000000008402af08) 
thrown [c:\jenkins\workspace\zulu17-build-win64\zulu-src.git\src\hotspot\share\prims\jni.cpp, line 516]
Event: 11.082 Thread 0x0000020522d18360 Exception <a 'sun/nio/fs/WindowsException'{0x00000000840301a0}> (0x00000000840301a0) 
thrown [c:\jenkins\workspace\zulu17-build-win64\zulu-src.git\src\hotspot\share\prims\jni.cpp, line 516]
Event: 11.083 Thread 0x0000020522d18360 Exception <a 'sun/nio/fs/WindowsException'{0x0000000084036078}> (0x0000000084036078) 
thrown [c:\jenkins\workspace\zulu17-build-win64\zulu-src.git\src\hotspot\share\prims\jni.cpp, line 516]
Event: 11.084 Thread 0x0000020522d18360 Exception <a 'sun/nio/fs/WindowsException'{0x000000008403a348}> (0x000000008403a348) 
thrown [c:\jenkins\workspace\zulu17-build-win64\zulu-src.git\src\hotspot\share\prims\jni.cpp, line 516]
Event: 11.084 Thread 0x0000020522d18360 Exception <a 'sun/nio/fs/WindowsException'{0x0000000084040c10}> (0x0000000084040c10) 
thrown [c:\jenkins\workspace\zulu17-build-win64\zulu-src.git\src\hotspot\share\prims\jni.cpp, line 516]
Event: 11.085 Thread 0x0000020522d18360 Exception <a 'sun/nio/fs/WindowsException'{0x0000000084047190}> (0x0000000084047190) 
thrown [c:\jenkins\workspace\zulu17-build-win64\zulu-src.git\src\hotspot\share\prims\jni.cpp, line 516]
Event: 11.095 Thread 0x0000020522d18360 Exception <a 'sun/nio/fs/WindowsException'{0x00000000840a9d88}> (0x00000000840a9d88) 
thrown [c:\jenkins\workspace\zulu17-build-win64\zulu-src.git\src\hotspot\share\prims\jni.cpp, line 516]
Event: 11.158 Thread 0x0000020522d18360 Exception <a 'java/lang/NoSuchMethodError'{0x0000000083ef1138}: 'java.lang.Object java.lang.invoke.DirectMethodHandle$Holder.invokeInterface(java.lang.Object, java.lang.Object, java.lang.Object)'> (0x0000000083ef1138) 
thrown [c:\jenkins\workspace\zulu17-build-win64\zulu-src.git\src\hotspot\share\interpreter\linkResolver.cpp, line 766]
Event: 11.391 Thread 0x0000020522d18360 Exception <a 'java/lang/NoSuchMethodError'{0x00000000836428e0}: 'void java.lang.invoke.DirectMethodHandle$Holder.invokeInterface(java.lang.Object, java.lang.Object, java.lang.Object)'> (0x00000000836428e0) 
thrown [c:\jenkins\workspace\zulu17-build-win64\zulu-src.git\src\hotspot\share\interpreter\linkResolver.cpp, line 766]
Event: 11.442 Thread 0x0000020522d18360 Exception <a 'java/lang/NoSuchMethodError'{0x0000000089dc3060}: 'java.lang.Object java.lang.invoke.DirectMethodHandle$Holder.invokeStaticInit(java.lang.Object, java.lang.Object, java.lang.Object, java.lang.Object, java.lang.Object, java.lang.Object)'> (0x0000000089dc3060) 
thrown [c:\jenkins\workspace\zulu17-build-win64\zulu-src.git\src\hotspot\share\interpreter\linkResolver.cpp, line 766]
Event: 11.445 Thread 0x0000020522d18360 Exception <a 'java/lang/NoSuchMethodError'{0x0000000089de70b0}: 'void java.lang.invoke.DirectMethodHandle$Holder.invokeInterface(java.lang.Object, java.lang.Object, java.lang.Object, java.lang.Object)'> (0x0000000089de70b0) 
thrown [c:\jenkins\workspace\zulu17-build-win64\zulu-src.git\src\hotspot\share\interpreter\linkResolver.cpp, line 766]
Event: 13.138 Thread 0x0000020522d18360 Exception <a 'java/lang/IncompatibleClassChangeError'{0x0000000085fd29c8}: Found class java.lang.Object, but interface was expected> (0x0000000085fd29c8) 
thrown [c:\jenkins\workspace\zulu17-build-win64\zulu-src.git\src\hotspot\share\interpreter\linkResolver.cpp, line 833]
Event: 13.215 Thread 0x0000020522d18360 Exception <a 'java/lang/ClassNotFoundException'{0x0000000085ddd840}: com/sun/javafx/scene/control/skin/resources/controls> (0x0000000085ddd840) 
thrown [c:\jenkins\workspace\zulu17-build-win64\zulu-src.git\src\hotspot\share\prims\jni.cpp, line 535]
Event: 13.216 Thread 0x0000020522d18360 Exception <a 'java/lang/ClassNotFoundException'{0x0000000085deb7c8}: com/sun/javafx/scene/control/skin/resources/controls_en> (0x0000000085deb7c8) 
thrown [c:\jenkins\workspace\zulu17-build-win64\zulu-src.git\src\hotspot\share\prims\jni.cpp, line 535]
Event: 13.216 Thread 0x0000020522d18360 Exception <a 'java/lang/ClassNotFoundException'{0x0000000085dec990}: com/sun/javafx/scene/control/skin/resources/controls_en_US> (0x0000000085dec990) 
thrown [c:\jenkins\workspace\zulu17-build-win64\zulu-src.git\src\hotspot\share\prims\jni.cpp, line 535]
Event: 13.315 Thread 0x0000020522d18360 Exception <a 'java/lang/NoSuchMethodError'{0x0000000085bb4a38}: 'void java.lang.invoke.DirectMethodHandle$Holder.invokeSpecial(java.lang.Object, java.lang.Object, java.lang.Object, java.lang.Object, java.lang.Object, java.lang.Object)'> (0x0000000085bb4a38) 
thrown [c:\jenkins\workspace\zulu17-build-win64\zulu-src.git\src\hotspot\share\interpreter\linkResolver.cpp, line 766]
Event: 13.530 Thread 0x0000020522d18360 Exception <a 'java/lang/NoSuchMethodError'{0x00000000857c4de8}: 'java.lang.Object java.lang.invoke.DirectMethodHandle$Holder.newInvokeSpecial(java.lang.Object, java.lang.Object, int)'> (0x00000000857c4de8) 
thrown [c:\jenkins\workspace\zulu17-build-win64\zulu-src.git\src\hotspot\share\interpreter\linkResolver.cpp, line 766]
Event: 13.635 Thread 0x0000020522d18360 Exception <a 'java/lang/NoSuchMethodError'{0x000000008562d358}: 'long java.lang.invoke.DirectMethodHandle$Holder.invokeStatic(java.lang.Object, java.lang.Object, java.lang.Object)'> (0x000000008562d358) 
thrown [c:\jenkins\workspace\zulu17-build-win64\zulu-src.git\src\hotspot\share\interpreter\linkResolver.cpp, line 766]
Event: 13.636 Thread 0x0000020522d18360 Exception <a 'java/lang/NoSuchMethodError'{0x0000000085630da8}: 'long java.lang.invoke.DirectMethodHandle$Holder.invokeStaticInit(java.lang.Object, java.lang.Object, java.lang.Object)'> (0x0000000085630da8) 
thrown [c:\jenkins\workspace\zulu17-build-win64\zulu-src.git\src\hotspot\share\interpreter\linkResolver.cpp, line 766]
Event: 45.765 Thread 0x0000020522d18360 Exception <a 'java/lang/NoSuchMethodError'{0x00000000850f0348}: 'java.lang.Object java.lang.invoke.DirectMethodHandle$Holder.invokeSpecial(java.lang.Object, java.lang.Object, long, java.lang.Object, java.lang.Object)'> (0x00000000850f0348) 
thrown [c:\jenkins\workspace\zulu17-build-win64\zulu-src.git\src\hotspot\share\interpreter\linkResolver.cpp, line 766]

VM Operations (20 events):
Event: 46.572 Executing VM operation: get/set locals done
Event: 46.573 Executing VM operation: get/set locals
Event: 46.573 Executing VM operation: get/set locals done
Event: 46.573 Executing VM operation: get/set locals
Event: 46.573 Executing VM operation: get/set locals done
Event: 46.584 Executing VM operation: get/set locals
Event: 46.584 Executing VM operation: get/set locals done
Event: 77.677 Executing VM operation: ChangeBreakpoints
Event: 77.678 Executing VM operation: ChangeBreakpoints done
Event: 77.691 Executing VM operation: ChangeBreakpoints
Event: 77.694 Executing VM operation: ChangeBreakpoints done
Event: 77.695 Executing VM operation: ChangeBreakpoints
Event: 77.695 Executing VM operation: ChangeBreakpoints done
Event: 77.695 Executing VM operation: ChangeBreakpoints
Event: 77.695 Executing VM operation: ChangeBreakpoints done
Event: 77.695 Executing VM operation: ChangeBreakpoints
Event: 77.695 Executing VM operation: ChangeBreakpoints done
Event: 77.696 Executing VM operation: ChangeBreakpoints
Event: 77.696 Executing VM operation: ChangeBreakpoints done
Event: 77.861 Executing VM operation: Exit

Events (20 events):
Event: 23.492 loading class com/sun/javafx/tk/quantum/ViewScene done
Event: 23.500 loading class com/sun/javafx/tk/quantum/WindowStage
Event: 23.500 loading class com/sun/javafx/tk/quantum/WindowStage done
Event: 24.459 loading class com/intellij/rt/debugger/BatchEvaluatorServer
Event: 24.459 loading class com/intellij/rt/debugger/BatchEvaluatorServer done
Event: 25.192 loading class java/io/DataOutputStream
Event: 25.192 loading class java/io/DataOutputStream done
Event: 77.678 Thread 0x00000205221fc550 Thread exited: 0x00000205221fc550
Event: 77.704 Thread 0x0000020522746e20 Thread exited: 0x0000020522746e20
Event: 77.857 loading class jdk/internal/misc/Signal$1
Event: 77.857 loading class jdk/internal/misc/Signal$1 done
Event: 77.857 Thread 0x000002052b8c9270 Thread added: 0x000002052b8c9270
Event: 77.858 Thread 0x000002052b8c58b0 Thread added: 0x000002052b8c58b0
Event: 77.858 Thread 0x000002052b8c6720 Thread added: 0x000002052b8c6720
Event: 77.859 Thread 0x000002052b8c58b0 Thread exited: 0x000002052b8c58b0
Event: 77.859 loading class com/sun/javafx/tk/quantum/QuantumRenderer
Event: 77.859 loading class com/sun/javafx/tk/quantum/QuantumRenderer done
Event: 77.860 loading class com/sun/javafx/tk/quantum/QuantumToolkit
Event: 77.860 loading class com/sun/javafx/tk/quantum/QuantumToolkit done
Event: 77.860 Thread 0x000002052b8c6720 Thread exited: 0x000002052b8c6720


Dynamic libraries:
0x00007ff629ba0000 - 0x00007ff629bae000 	C:\Users\Radi_boy112\.jdks\azul-17.0.1\bin\java.exe
0x00007ffb008d0000 - 0x00007ffb00ac5000 	C:\WINDOWS\SYSTEM32\ntdll.dll
0x00007ffaff9d0000 - 0x00007ffaffa8e000 	C:\WINDOWS\System32\KERNEL32.DLL
0x00007ffafe1a0000 - 0x00007ffafe468000 	C:\WINDOWS\System32\KERNELBASE.dll
0x00007ffafe6c0000 - 0x00007ffafe7c0000 	C:\WINDOWS\System32\ucrtbase.dll
0x00007ffaf9d40000 - 0x00007ffaf9d58000 	C:\Users\Radi_boy112\.jdks\azul-17.0.1\bin\jli.dll
0x00007ffaff310000 - 0x00007ffaff4b1000 	C:\WINDOWS\System32\USER32.dll
0x00007ffafe470000 - 0x00007ffafe492000 	C:\WINDOWS\System32\win32u.dll
0x00007ffaffd80000 - 0x00007ffaffdab000 	C:\WINDOWS\System32\GDI32.dll
0x00007ffafe090000 - 0x00007ffafe19b000 	C:\WINDOWS\System32\gdi32full.dll
0x00007ffafdff0000 - 0x00007ffafe08d000 	C:\WINDOWS\System32\msvcp_win.dll
0x00007ffaf9d20000 - 0x00007ffaf9d3a000 	C:\Users\Radi_boy112\.jdks\azul-17.0.1\bin\VCRUNTIME140.dll
0x00007ffae85c0000 - 0x00007ffae885a000 	C:\WINDOWS\WinSxS\amd64_microsoft.windows.common-controls_6595b64144ccf1df_6.0.19041.1110_none_60b5254171f9507e\COMCTL32.dll
0x00007ffb007f0000 - 0x00007ffb0088e000 	C:\WINDOWS\System32\msvcrt.dll
0x00007ffaff1a0000 - 0x00007ffaff1d0000 	C:\WINDOWS\System32\IMM32.DLL
0x00007ffaf9d10000 - 0x00007ffaf9d1c000 	C:\Users\Radi_boy112\.jdks\azul-17.0.1\bin\vcruntime140_1.dll
0x00007ffacd2d0000 - 0x00007ffacd35d000 	C:\Users\Radi_boy112\.jdks\azul-17.0.1\bin\msvcp140.dll
0x00007ffa808c0000 - 0x00007ffa81508000 	C:\Users\Radi_boy112\.jdks\azul-17.0.1\bin\server\jvm.dll
0x00007ffb002b0000 - 0x00007ffb0035c000 	C:\WINDOWS\System32\ADVAPI32.dll
0x00007ffaffb30000 - 0x00007ffaffbcb000 	C:\WINDOWS\System32\sechost.dll
0x00007ffaff1e0000 - 0x00007ffaff30a000 	C:\WINDOWS\System32\RPCRT4.dll
0x00007ffafe9f0000 - 0x00007ffafe9f8000 	C:\WINDOWS\System32\PSAPI.DLL
0x00007ffaed280000 - 0x00007ffaed289000 	C:\WINDOWS\SYSTEM32\WSOCK32.dll
0x00007ffaff880000 - 0x00007ffaff8eb000 	C:\WINDOWS\System32\WS2_32.dll
0x00007ffaee1b0000 - 0x00007ffaee1d7000 	C:\WINDOWS\SYSTEM32\WINMM.dll
0x00007ffaf49e0000 - 0x00007ffaf49ea000 	C:\WINDOWS\SYSTEM32\VERSION.dll
0x00007ffafbef0000 - 0x00007ffafbf02000 	C:\WINDOWS\SYSTEM32\kernel.appcore.dll
0x00007ffaea810000 - 0x00007ffaea81a000 	C:\Users\Radi_boy112\.jdks\azul-17.0.1\bin\jimage.dll
0x00007ffae6560000 - 0x00007ffae6744000 	C:\WINDOWS\SYSTEM32\DBGHELP.DLL
0x00007ffae6bc0000 - 0x00007ffae6bec000 	C:\WINDOWS\SYSTEM32\dbgcore.DLL
0x00007ffafe550000 - 0x00007ffafe5d3000 	C:\WINDOWS\System32\bcryptPrimitives.dll
0x00007ffae76b0000 - 0x00007ffae76eb000 	C:\Users\Radi_boy112\.jdks\azul-17.0.1\bin\jdwp.dll
0x00007ffaea7f0000 - 0x00007ffaea7fe000 	C:\Users\Radi_boy112\.jdks\azul-17.0.1\bin\instrument.dll
0x00007ffacd2a0000 - 0x00007ffacd2c5000 	C:\Users\Radi_boy112\.jdks\azul-17.0.1\bin\java.dll
0x00007ffa9c670000 - 0x00007ffa9c746000 	C:\Users\Radi_boy112\.jdks\azul-17.0.1\bin\svml.dll
0x00007ffafea60000 - 0x00007ffaff19f000 	C:\WINDOWS\System32\SHELL32.dll
0x00007ffafc0f0000 - 0x00007ffafc880000 	C:\WINDOWS\SYSTEM32\windows.storage.dll
0x00007ffaff520000 - 0x00007ffaff875000 	C:\WINDOWS\System32\combase.dll
0x00007ffafda40000 - 0x00007ffafda6e000 	C:\WINDOWS\SYSTEM32\Wldp.dll
0x00007ffb00470000 - 0x00007ffb0051d000 	C:\WINDOWS\System32\SHCORE.dll
0x00007ffb00410000 - 0x00007ffb00465000 	C:\WINDOWS\System32\shlwapi.dll
0x00007ffafdf30000 - 0x00007ffafdf4f000 	C:\WINDOWS\SYSTEM32\profapi.dll
0x00007ffacb700000 - 0x00007ffacb719000 	C:\Users\Radi_boy112\.jdks\azul-17.0.1\bin\net.dll
0x00007ffaefab0000 - 0x00007ffaefbbc000 	C:\WINDOWS\SYSTEM32\WINHTTP.dll
0x00007ffafd7a0000 - 0x00007ffafd80a000 	C:\WINDOWS\system32\mswsock.dll
0x00007ffacb680000 - 0x00007ffacb695000 	C:\Users\Radi_boy112\.jdks\azul-17.0.1\bin\nio.dll
0x00007ffacb660000 - 0x00007ffacb678000 	C:\Users\Radi_boy112\.jdks\azul-17.0.1\bin\zip.dll
0x00007ffaea800000 - 0x00007ffaea80c000 	C:\Users\Radi_boy112\.jdks\azul-17.0.1\bin\dt_socket.dll
0x00007ffafd440000 - 0x00007ffafd47b000 	C:\WINDOWS\SYSTEM32\IPHLPAPI.DLL
0x00007ffae76a0000 - 0x00007ffae76b0000 	C:\Users\Radi_boy112\.jdks\azul-17.0.1\bin\verify.dll
0x00000205039e0000 - 0x00000205039e3000 	C:\Users\Radi_boy112\.openjfx\cache\17.0.0.1\api-ms-win-core-console-l1-1-0.dll
0x00000205039f0000 - 0x00000205039f3000 	C:\Users\Radi_boy112\.openjfx\cache\17.0.0.1\api-ms-win-core-console-l1-2-0.dll
0x0000020503a00000 - 0x0000020503a03000 	C:\Users\Radi_boy112\.openjfx\cache\17.0.0.1\api-ms-win-core-datetime-l1-1-0.dll
0x0000020503a10000 - 0x0000020503a13000 	C:\Users\Radi_boy112\.openjfx\cache\17.0.0.1\api-ms-win-core-debug-l1-1-0.dll
0x0000020503a20000 - 0x0000020503a23000 	C:\Users\Radi_boy112\.openjfx\cache\17.0.0.1\api-ms-win-core-errorhandling-l1-1-0.dll
0x0000020503a30000 - 0x0000020503a34000 	C:\Users\Radi_boy112\.openjfx\cache\17.0.0.1\api-ms-win-core-file-l1-1-0.dll
0x0000020503a40000 - 0x0000020503a43000 	C:\Users\Radi_boy112\.openjfx\cache\17.0.0.1\api-ms-win-core-file-l1-2-0.dll
0x0000020503a50000 - 0x0000020503a53000 	C:\Users\Radi_boy112\.openjfx\cache\17.0.0.1\api-ms-win-core-file-l2-1-0.dll
0x0000020521660000 - 0x0000020521663000 	C:\Users\Radi_boy112\.openjfx\cache\17.0.0.1\api-ms-win-core-handle-l1-1-0.dll
0x0000020521670000 - 0x0000020521673000 	C:\Users\Radi_boy112\.openjfx\cache\17.0.0.1\api-ms-win-core-heap-l1-1-0.dll
0x0000020521680000 - 0x0000020521683000 	C:\Users\Radi_boy112\.openjfx\cache\17.0.0.1\api-ms-win-core-interlocked-l1-1-0.dll
0x0000020521690000 - 0x0000020521693000 	C:\Users\Radi_boy112\.openjfx\cache\17.0.0.1\api-ms-win-core-libraryloader-l1-1-0.dll
0x00000205216a0000 - 0x00000205216a3000 	C:\Users\Radi_boy112\.openjfx\cache\17.0.0.1\api-ms-win-core-localization-l1-2-0.dll
0x00000205216b0000 - 0x00000205216b3000 	C:\Users\Radi_boy112\.openjfx\cache\17.0.0.1\api-ms-win-core-memory-l1-1-0.dll
0x00000205216c0000 - 0x00000205216c3000 	C:\Users\Radi_boy112\.openjfx\cache\17.0.0.1\api-ms-win-core-namedpipe-l1-1-0.dll
0x00000205216d0000 - 0x00000205216d3000 	C:\Users\Radi_boy112\.openjfx\cache\17.0.0.1\api-ms-win-core-processenvironment-l1-1-0.dll
0x00000205216e0000 - 0x00000205216e3000 	C:\Users\Radi_boy112\.openjfx\cache\17.0.0.1\api-ms-win-core-processthreads-l1-1-0.dll
0x00000205216f0000 - 0x00000205216f3000 	C:\Users\Radi_boy112\.openjfx\cache\17.0.0.1\api-ms-win-core-processthreads-l1-1-1.dll
0x0000020521700000 - 0x0000020521703000 	C:\Users\Radi_boy112\.openjfx\cache\17.0.0.1\api-ms-win-core-profile-l1-1-0.dll
0x0000020521710000 - 0x0000020521713000 	C:\Users\Radi_boy112\.openjfx\cache\17.0.0.1\api-ms-win-core-rtlsupport-l1-1-0.dll
0x0000020521720000 - 0x0000020521723000 	C:\Users\Radi_boy112\.openjfx\cache\17.0.0.1\api-ms-win-core-string-l1-1-0.dll
0x0000020521730000 - 0x0000020521733000 	C:\Users\Radi_boy112\.openjfx\cache\17.0.0.1\api-ms-win-core-synch-l1-1-0.dll
0x0000020521740000 - 0x0000020521743000 	C:\Users\Radi_boy112\.openjfx\cache\17.0.0.1\api-ms-win-core-synch-l1-2-0.dll
0x0000020521750000 - 0x0000020521753000 	C:\Users\Radi_boy112\.openjfx\cache\17.0.0.1\api-ms-win-core-sysinfo-l1-1-0.dll
0x0000020521760000 - 0x0000020521763000 	C:\Users\Radi_boy112\.openjfx\cache\17.0.0.1\api-ms-win-core-timezone-l1-1-0.dll
0x0000020521770000 - 0x0000020521773000 	C:\Users\Radi_boy112\.openjfx\cache\17.0.0.1\api-ms-win-core-util-l1-1-0.dll
0x0000020521780000 - 0x0000020521783000 	C:\Users\Radi_boy112\.openjfx\cache\17.0.0.1\api-ms-win-crt-conio-l1-1-0.dll
0x0000020521790000 - 0x0000020521794000 	C:\Users\Radi_boy112\.openjfx\cache\17.0.0.1\api-ms-win-crt-convert-l1-1-0.dll
0x00000205217a0000 - 0x00000205217a3000 	C:\Users\Radi_boy112\.openjfx\cache\17.0.0.1\api-ms-win-crt-environment-l1-1-0.dll
0x00000205217b0000 - 0x00000205217b3000 	C:\Users\Radi_boy112\.openjfx\cache\17.0.0.1\api-ms-win-crt-filesystem-l1-1-0.dll
0x00000205217c0000 - 0x00000205217c3000 	C:\Users\Radi_boy112\.openjfx\cache\17.0.0.1\api-ms-win-crt-heap-l1-1-0.dll
0x00000205217d0000 - 0x00000205217d3000 	C:\Users\Radi_boy112\.openjfx\cache\17.0.0.1\api-ms-win-crt-locale-l1-1-0.dll
0x00000205217e0000 - 0x00000205217e5000 	C:\Users\Radi_boy112\.openjfx\cache\17.0.0.1\api-ms-win-crt-math-l1-1-0.dll
0x00000205217f0000 - 0x00000205217f5000 	C:\Users\Radi_boy112\.openjfx\cache\17.0.0.1\api-ms-win-crt-multibyte-l1-1-0.dll
0x0000020523bd0000 - 0x0000020523be0000 	C:\Users\Radi_boy112\.openjfx\cache\17.0.0.1\api-ms-win-crt-private-l1-1-0.dll
0x0000020523be0000 - 0x0000020523be3000 	C:\Users\Radi_boy112\.openjfx\cache\17.0.0.1\api-ms-win-crt-process-l1-1-0.dll
0x0000020523bf0000 - 0x0000020523bf4000 	C:\Users\Radi_boy112\.openjfx\cache\17.0.0.1\api-ms-win-crt-runtime-l1-1-0.dll
0x0000020523c00000 - 0x0000020523c04000 	C:\Users\Radi_boy112\.openjfx\cache\17.0.0.1\api-ms-win-crt-stdio-l1-1-0.dll
0x0000020523c10000 - 0x0000020523c14000 	C:\Users\Radi_boy112\.openjfx\cache\17.0.0.1\api-ms-win-crt-string-l1-1-0.dll
0x0000020523c20000 - 0x0000020523c23000 	C:\Users\Radi_boy112\.openjfx\cache\17.0.0.1\api-ms-win-crt-time-l1-1-0.dll
0x0000020523c30000 - 0x0000020523c33000 	C:\Users\Radi_boy112\.openjfx\cache\17.0.0.1\api-ms-win-crt-utility-l1-1-0.dll
0x00007ffa967a0000 - 0x00007ffa9689c000 	C:\Users\Radi_boy112\.openjfx\cache\17.0.0.1\ucrtbase.dll
0x00007ffaca9d0000 - 0x00007ffaca9ea000 	C:\Users\Radi_boy112\.openjfx\cache\17.0.0.1\vcruntime140.dll
0x00007ffad1a30000 - 0x00007ffad1a3c000 	C:\Users\Radi_boy112\.openjfx\cache\17.0.0.1\vcruntime140_1.dll
0x00007ffa9a210000 - 0x00007ffa9a29d000 	C:\Users\Radi_boy112\.openjfx\cache\17.0.0.1\msvcp140.dll
0x00007ffac10b0000 - 0x00007ffac10da000 	C:\Users\Radi_boy112\.openjfx\cache\17.0.0.1\prism_d3d.dll
0x00007ffaef580000 - 0x00007ffaef74e000 	C:\WINDOWS\system32\d3d9.dll
0x00007ffafbc00000 - 0x00007ffafbc2f000 	C:\WINDOWS\SYSTEM32\dwmapi.dll
0x00007ffafb970000 - 0x00007ffafba0e000 	C:\WINDOWS\system32\uxtheme.dll
0x00007ffa8e7d0000 - 0x00007ffa91d4d000 	C:\WINDOWS\System32\DriverStore\FileRepository\igdlh64.inf_amd64_587befb80671fb38\igd9dxva64.dll
0x00007ffb006c0000 - 0x00007ffb007ea000 	C:\WINDOWS\System32\ole32.dll
0x00007ffafe920000 - 0x00007ffafe9ed000 	C:\WINDOWS\System32\OLEAUT32.dll
0x00007ffafdbd0000 - 0x00007ffafdbe2000 	C:\WINDOWS\SYSTEM32\msasn1.dll
0x00007ffaf4910000 - 0x00007ffaf4941000 	C:\WINDOWS\SYSTEM32\cryptnet.dll
0x00007ffafe7c0000 - 0x00007ffafe916000 	C:\WINDOWS\System32\CRYPT32.dll
0x00007ffafd9b0000 - 0x00007ffafd9bc000 	C:\WINDOWS\SYSTEM32\cryptbase.dll
0x00007ffafe5e0000 - 0x00007ffafe640000 	C:\WINDOWS\System32\WINTRUST.DLL
0x00007ffb00290000 - 0x00007ffb002ad000 	C:\WINDOWS\System32\imagehlp.dll
0x00007ffafd990000 - 0x00007ffafd9a8000 	C:\WINDOWS\SYSTEM32\CRYPTSP.dll
0x00007ffafd0b0000 - 0x00007ffafd0e4000 	C:\WINDOWS\system32\rsaenh.dll
0x00007ffafe690000 - 0x00007ffafe6b7000 	C:\WINDOWS\System32\bcrypt.dll
0x00007ffab8f50000 - 0x00007ffab8f92000 	C:\Users\Radi_boy112\.openjfx\cache\17.0.0.1\glass.dll
0x00007ffaff8f0000 - 0x00007ffaff9ca000 	C:\WINDOWS\System32\COMDLG32.dll
0x00007ffb005a0000 - 0x00007ffb006b5000 	C:\WINDOWS\System32\MSCTF.dll
0x00007ffafc890000 - 0x00007ffafc8b3000 	C:\WINDOWS\SYSTEM32\gpapi.dll
0x00007ffaf8b80000 - 0x00007ffaf8bbb000 	C:\WINDOWS\SYSTEM32\dxcore.dll
0x00007ffafe640000 - 0x00007ffafe68e000 	C:\WINDOWS\System32\cfgmgr32.dll
0x00007ffac1e00000 - 0x00007ffac1e14000 	C:\Users\Radi_boy112\.openjfx\cache\17.0.0.1\javafx_font.dll
0x00007ffad42d0000 - 0x00007ffad4553000 	C:\WINDOWS\SYSTEM32\dwrite.dll
0x00007ffafdeb0000 - 0x00007ffafdede000 	C:\WINDOWS\SYSTEM32\USERENV.dll
0x00007ffaffb20000 - 0x00007ffaffb28000 	C:\WINDOWS\System32\NSI.dll
0x00007ffaf3f80000 - 0x00007ffaf3f97000 	C:\WINDOWS\SYSTEM32\dhcpcsvc6.DLL
0x00007ffaf49f0000 - 0x00007ffaf4a0d000 	C:\WINDOWS\SYSTEM32\dhcpcsvc.DLL
0x00007ffafd490000 - 0x00007ffafd55b000 	C:\WINDOWS\SYSTEM32\DNSAPI.dll
0x00007ffaeadf0000 - 0x00007ffaeae07000 	C:\WINDOWS\system32\napinsp.dll
0x00007ffaeadd0000 - 0x00007ffaeadeb000 	C:\WINDOWS\system32\pnrpnsp.dll
0x00007ffaf8d40000 - 0x00007ffaf8d55000 	C:\WINDOWS\system32\wshbth.dll
0x00007ffaf9ca0000 - 0x00007ffaf9cbd000 	C:\WINDOWS\system32\NLAapi.dll

dbghelp: loaded successfully - version: 4.0.5 - missing functions: none
symbol engine: initialized successfully - sym options: 0x614 - pdb path: .;C:\Users\Radi_boy112\.jdks\azul-17.0.1\bin;C:\WINDOWS\SYSTEM32;C:\WINDOWS\WinSxS\amd64_microsoft.windows.common-controls_6595b64144ccf1df_6.0.19041.1110_none_60b5254171f9507e;C:\Users\Radi_boy112\.jdks\azul-17.0.1\bin\server;C:\Users\Radi_boy112\.openjfx\cache\17.0.0.1;C:\WINDOWS\System32\DriverStore\FileRepository\igdlh64.inf_amd64_587befb80671fb38;C:\WINDOWS\System32\DriverStore\FileRepository\nvaci.inf_amd64_9f8adc8ebf9ca45d;C:\Program Files\Common Files\Microsoft Shared\Ink

VM Arguments:
jvm_args: -agentlib:jdwp=transport=dt_socket,address=127.0.0.1:59617,suspend=y,server=n -javaagent:C:\Users\Radi_boy112\AppData\Local\JetBrains\IntelliJIdea2021.2\captureAgent\debugger-agent.jar -Dfile.encoding=UTF-8 --module-path=C:\Users\Radi_boy112\Documents\GitHub\Java-Project-Warehouse\Warehouse_Project\target\classes;C:\Users\Radi_boy112\.m2\repository\org\openjfx\javafx-graphics\17.0.0.1\javafx-graphics-17.0.0.1-win.jar;C:\Users\Radi_boy112\.m2\repository\org\controlsfx\controlsfx\11.1.0\controlsfx-11.1.0.jar;C:\Users\Radi_boy112\.m2\repository\eu\hansolo\tilesfx\11.48\tilesfx-11.48.jar;C:\Users\Radi_boy112\.m2\repository\net\synedra\validatorfx\0.1.13\validatorfx-0.1.13.jar;C:\Users\Radi_boy112\.m2\repository\org\openjfx\javafx-web\17.0.0.1\javafx-web-17.0.0.1-win.jar;C:\Users\Radi_boy112\.m2\repository\org\openjfx\javafx-fxml\17.0.0.1\javafx-fxml-17.0.0.1-win.jar;C:\Users\Radi_boy112\.m2\repository\org\openjfx\javafx-base\17.0.0.1\javafx-base-17.0.0.1-win.jar;C:\Users\Radi_boy112\.m2\repository\org\kordamp\bootstrapfx\bootstrapfx-core\0.4.0\bootstrapfx-core-0.4.0.jar;C:\Users\Radi_boy112\.m2\repository\com\dlsc\formsfx\formsfx-core\11.3.2\formsfx-core-11.3.2.jar;C:\Users\Radi_boy112\.m2\repository\org\openjfx\javafx-controls\17.0.0.1\javafx-controls-17.0.0.1-win.jar;C:\Users\Radi_boy112\.m2\repository\javax\persistence\javax.persistence-api\2.2\javax.persistence-api-2.2.jar;C:\Users\Radi_boy112\.m2\repository\org\kordamp\ikonli\ikonli-javafx\12.2.0\ikonli-javafx-12.2.0.jar;C:\Users\Radi_boy112\.m2\repository\log4j\log4j\1.2.17\log4j-1.2.17.jar;C:\Users\Radi_boy112\.m2\repository\org\kordamp\ikonli\ikonli-core\12.2.0\ikonli-core-12.2.0.jar;C:\Users\Radi_boy112\.m2\repository\org\openjfx\javafx-media\17.0.0.1\javafx-media-17.0.0.1-win.jar;C:\Users\Radi_boy112\.m2\repository\org\hibernate\hibernate-core\5.6.1.Final\hibernate-core-5.6.1.Final.jar -Djdk.module.main=bg.tu_varna.sit.group19.warehouse_project 
java_command: bg.tu_varna.sit.group19.warehouse_project/bg.tu_varna.sit.group19.warehouse_project.application.MainApplication
java_class_path (initial): C:\Users\Radi_boy112\.m2\repository\org\openjfx\javafx-controls\17.0.0.1\javafx-controls-17.0.0.1.jar;C:\Users\Radi_boy112\.m2\repository\org\openjfx\javafx-graphics\17.0.0.1\javafx-graphics-17.0.0.1.jar;C:\Users\Radi_boy112\.m2\repository\org\openjfx\javafx-base\17.0.0.1\javafx-base-17.0.0.1.jar;C:\Users\Radi_boy112\.m2\repository\org\openjfx\javafx-fxml\17.0.0.1\javafx-fxml-17.0.0.1.jar;C:\Users\Radi_boy112\.m2\repository\org\openjfx\javafx-web\17.0.0.1\javafx-web-17.0.0.1.jar;C:\Users\Radi_boy112\.m2\repository\org\openjfx\javafx-media\17.0.0.1\javafx-media-17.0.0.1.jar;C:\Users\Radi_boy112\.m2\repository\org\jboss\logging\jboss-logging\3.4.2.Final\jboss-logging-3.4.2.Final.jar;C:\Users\Radi_boy112\.m2\repository\net\bytebuddy\byte-buddy\1.11.20\byte-buddy-1.11.20.jar;C:\Users\Radi_boy112\.m2\repository\antlr\antlr\2.7.7\antlr-2.7.7.jar;C:\Users\Radi_boy112\.m2\repository\org\jboss\spec\javax\transaction\jboss-transaction-api_1.2_spec\1.1.1.Final\jboss-transaction-api_1.2_spec-1.1.1.Final.jar;C:\Users\Radi_boy112\.m2\repository\org\jboss\jandex\2.2.3.Final\jandex-2.2.3.Final.jar;C:\Users\Radi_boy112\.m2\repository\com\fasterxml\classmate\1.5.1\classmate-1.5.1.jar;C:\Users\Radi_boy112\.m2\repository\javax\activation\javax.activation-api\1.2.0\javax.activation-api-1.2.0.jar;C:\Users\Radi_boy112\.m2\repository\org\hibernate\common\hibernate-commons-annotations\5.1.2.Final\hibernate-commons-annotations-5.1.2.Final.jar;C:\Users\Radi_boy112\.m2\repository\javax\xml\bind\jaxb-api\2.3.1\jaxb-api-2.3.1.jar;C:\Users\Radi_boy112\.m2\repository\org\glassfish\jaxb\jaxb-runtime\2.3.1\jaxb-runtime-2.3.1.jar;C:\Users\Radi_boy112\.m2\repository\org\glassfish\jaxb\txw2\2.3.1\txw2-2.3.1.jar;C:\Users\Radi_boy112\.m2\repository\com\sun\istack\istack-commons-runtime\3.0.7\istack-commons-runtime-3.0.7.jar;C:\Users\Radi_boy112\.m2\repository\org\jvnet\staxex\stax-ex\1.8\stax-ex-1.8.jar;C:\Users\Radi_boy112\.m2\repository\com\sun\xml\fastinfoset\FastInfoset\1
Launcher Type: SUN_STANDARD

[Global flags]
     intx CICompilerCount                          = 3                                         {product} {ergonomic}
     uint ConcGCThreads                            = 1                                         {product} {ergonomic}
     uint G1ConcRefinementThreads                  = 4                                         {product} {ergonomic}
   size_t G1HeapRegionSize                         = 1048576                                   {product} {ergonomic}
    uintx GCDrainStackTargetSize                   = 64                                        {product} {ergonomic}
   size_t InitialHeapSize                          = 132120576                                 {product} {ergonomic}
   size_t MarkStackSize                            = 4194304                                   {product} {ergonomic}
   size_t MaxHeapSize                              = 2113929216                                {product} {ergonomic}
   size_t MaxNewSize                               = 1267728384                                {product} {ergonomic}
   size_t MinHeapDeltaBytes                        = 1048576                                   {product} {ergonomic}
   size_t MinHeapSize                              = 8388608                                   {product} {ergonomic}
    uintx NonNMethodCodeHeapSize                   = 5832780                                {pd product} {ergonomic}
    uintx NonProfiledCodeHeapSize                  = 122912730                              {pd product} {ergonomic}
    uintx ProfiledCodeHeapSize                     = 122912730                              {pd product} {ergonomic}
    uintx ReservedCodeCacheSize                    = 251658240                              {pd product} {ergonomic}
     bool SegmentedCodeCache                       = true                                      {product} {ergonomic}
   size_t SoftMaxHeapSize                          = 2113929216                             {manageable} {ergonomic}
     bool UseCompressedClassPointers               = true                           {product lp64_product} {ergonomic}
     bool UseCompressedOops                        = true                           {product lp64_product} {ergonomic}
     bool UseG1GC                                  = true                                      {product} {ergonomic}
     bool UseLargePagesIndividualAllocation        = false                                  {pd product} {ergonomic}

Logging:
Log output configuration:
 #0: stdout all=off uptime,level,tags
 #1: stderr all=off uptime,level,tags

Environment Variables:
PATH=C:\oraclexe\app\oracle\product\11.2.0\server\bin;;C:\Program Files (x86)\Intel\iCLS Client\;C:\Program Files\Intel\iCLS Client\;C:\Windows\system32;C:\Windows;C:\Windows\System32\Wbem;C:\Windows\System32\WindowsPowerShell\v1.0\;C:\Program Files (x86)\NVIDIA Corporation\PhysX\Common;C:\Program Files (x86)\Intel\Intel(R) Management Engine Components\DAL;C:\Program Files\Intel\Intel(R) Management Engine Components\DAL;C:\Program Files (x86)\Intel\Intel(R) Management Engine Components\IPT;C:\Program Files\Intel\Intel(R) Management Engine Components\IPT;C:\Program Files\Common Files\Autodesk Shared\;C:\WINDOWS\system32;C:\WINDOWS;C:\WINDOWS\System32\Wbem;C:\WINDOWS\System32\WindowsPowerShell\v1.0\;C:\WINDOWS\System32\OpenSSH\;C:\Program Files\Microsoft SQL Server\130\Tools\Binn\;C:\Program Files\Microsoft SQL Server\Client SDK\ODBC\170\Tools\Binn\;C:\Program Files\dotnet\;C:\WINDOWS\system32;C:\WINDOWS;C:\WINDOWS\System32\Wbem;C:\WINDOWS\System32\WindowsPowerShell\v1.0\;C:\WINDOWS\System32\OpenSSH\;C:\Program Files (x86)\dotnet\;C:\Program Files (x86)\Microsoft SQL Server\150\DTS\Binn\;C:\Program Files\Azure Data Studio\bin;C:\Program Files (x86)\Microsoft SQL Server\150\Tools\Binn\;C:\Program Files\Microsoft SQL Server\150\Tools\Binn\;C:\Program Files\Microsoft SQL Server\150\DTS\Binn\;C:\Program Files\PuTTY\;C:\Users\Radi_boy112\AppData\Local\Microsoft\WindowsApps;C:\Users\Radi_boy112\.dotnet\tools;C:\Program Files\Azure Data Studio\bin;C:\Users\Radi_boy112\AppData\Local\GitHubDesktop\bin;C:\Program Files\JetBrains\IntelliJ IDEA 2021.2.3\bin;
USERNAME=Radi_boy112
OS=Windows_NT
PROCESSOR_IDENTIFIER=Intel64 Family 6 Model 142 Stepping 9, GenuineIntel



---------------  S Y S T E M  ---------------

OS:
 Windows 10 , 64 bit Build 19041 (10.0.19041.1348)
OS uptime: 0 days 8:11 hours

CPU: total 4 (initial active 4) (2 cores per cpu, 2 threads per core) family 6 model 142 stepping 9 microcode 0xb4, cx8, cmov, fxsr, ht, mmx, 3dnowpref, sse, sse2, sse3, ssse3, sse4.1, sse4.2, popcnt, lzcnt, tsc, tscinvbit, avx, avx2, aes, erms, clmul, bmi1, bmi2, adx, fma, vzeroupper, clflush, clflushopt

Memory: 4k page, system-wide physical 8060M (1143M free)
TotalPageFile size 13436M (AvailPageFile size 2172M)
current process WorkingSet (physical memory assigned to process): 199M, peak: 241M
current process commit charge ("private bytes"): 278M, peak: 322M

vm_info: OpenJDK 64-Bit Server VM (17.0.1+12-LTS) for windows-amd64 JRE (17.0.1+12-LTS) (Zulu17.30+15-CA), built on Oct 20 2021 15:39:00 by "zulu_re" with MS VC++ 16.8 (VS2019)

END.
